Wrote profile results to rbf.py.lprof
Timer unit: 1e-06 s

Total time: 20.2361 s
File: rbf.py
Function: rbf_network at line 7

Line #      Hits         Time  Per Hit   % Time  Line Contents
==============================================================
     7                                           @profile
     8                                           def rbf_network(X, beta, theta):
     9         1          3.0      3.0      0.0      N = X.shape[0]
    10         1          1.0      1.0      0.0      D = X.shape[1]
    11         1          3.0      3.0      0.0      Y = np.zeros(N)
    12                                           
    13      1001        344.0      0.3      0.0      for i in range(N):
    14   1001000     421081.0      0.4      2.1          for j in range(N):
    15   1000000     343529.0      0.3      1.7              r = 0
    16   6000000    2543460.0      0.4     12.6              for d in range(D):
    17   5000000   13350144.0      2.7     66.0                  r += (X[j, d] - X[i, d]) ** 2
    18   1000000     579250.0      0.6      2.9              r = r**0.5
    19   1000000    2998311.0      3.0     14.8              Y[i] += beta[j] * exp(-(r * theta)**2)
    20                                           
    21         1          1.0      1.0      0.0      return Y

Total time: 0.137166 s
File: rbf.py
Function: rbf_scipy at line 24

Line #      Hits         Time  Per Hit   % Time  Line Contents
==============================================================
    24                                           @profile
    25                                           def rbf_scipy(X, beta):
    26                                           
    27         1          2.0      2.0      0.0      N = X.shape[0]
    28         1          0.0      0.0      0.0      D = X.shape[1]    
    29         1     100836.0 100836.0     73.5      rbf = Rbf(X[:,0], X[:,1], X[:,2], X[:,3], X[:, 4], beta)
    30                                               #Xtuple = tuple([X[:, i] for i in range(D)])
    31         1         29.0     29.0      0.0      Xtuple = tuple([X[:, i] for i in range(D)])
    32                                           
    33         1      36299.0  36299.0     26.5      return rbf(*Xtuple)

