30397485.0
Wrote profile results to euler72.py.lprof
Timer unit: 1e-06 s

Total time: 0.005241 s
File: euler72.py
Function: gen_primes at line 4

Line #      Hits         Time  Per Hit   % Time  Line Contents
==============================================================
     4                                           @profile
     5                                           def gen_primes(n):
     6         1          2.0      2.0      0.0      l = range(2,n)
     7         1          0.0      0.0      0.0      primes = []
     8       999        318.0      0.3      6.1      for j in range(0,len(l)):
     9       998        312.0      0.3      6.0          p = True
    10      2968        913.0      0.3     17.4          for d in primes:
    11      2967       1454.0      0.5     27.7              if(d > sqrt(l[j])):
    12       167         49.0      0.3      0.9                  break
    13      2800       1301.0      0.5     24.8              if(l[j] % d == 0):
    14       830        271.0      0.3      5.2                  p = False
    15       830        246.0      0.3      4.7                  break;
    16       998        308.0      0.3      5.9          if(p):
    17       168         66.0      0.4      1.3              primes.append(l[j])
    18                                           
    19         1          1.0      1.0      0.0      return primes

Total time: 0.14476 s
File: euler72.py
Function: factorize at line 21

Line #      Hits         Time  Per Hit   % Time  Line Contents
==============================================================
    21                                           @profile
    22                                           def factorize(n,primes):
    23      9999       3101.0      0.3      2.1      factors = []
    24      9999       2951.0      0.3      2.0      init_n = n
    25     96347      27865.0      0.3     19.2      for p in primes:
    26    118736      46596.0      0.4     32.2          while(n%p == 0):
    27     22389       7295.0      0.3      5.0              n = n/p
    28     22389       8186.0      0.4      5.7              factors.append(p)
    29     96347      36207.0      0.4     25.0          if(p > sqrt(n)):
    30      9999       3004.0      0.3      2.1              break
    31      9999       3280.0      0.3      2.3      if(n > 1):
    32      9596       3462.0      0.4      2.4          factors.append(n)
    33      9999       2813.0      0.3      1.9      return factors

Total time: 0.305835 s
File: euler72.py
Function: fast_phi at line 50

Line #      Hits         Time  Per Hit   % Time  Line Contents
==============================================================
    50                                           @profile
    51                                           def fast_phi(n,primes):
    52      9999     267092.0     26.7     87.3      factors = factorize(n,primes)
    53      9999       3673.0      0.4      1.2      phi = factors[0]-1
    54     31985      13121.0      0.4      4.3      for i in range(1,len(factors)):
    55     21986       9157.0      0.4      3.0          if(factors[i] == factors[i-1]):
    56      7685       4057.0      0.5      1.3              phi *= (factors[i]-1)*(factors[i])/(factors[i]-1)
    57                                                   else:
    58     14301       5781.0      0.4      1.9              phi *= (factors[i]-1)
    59      9999       2954.0      0.3      1.0      return phi

