         726481 function calls (726438 primitive calls) in 2.665 seconds

   Ordered by: standard name

   ncalls  tottime  percall  cumtime  percall filename:lineno(function)
       10    0.000    0.000    0.000    0.000 <frozen importlib._bootstrap>:1009(_handle_fromlist)
        9    0.000    0.000    0.000    0.000 <frozen importlib._bootstrap>:103(release)
        9    0.000    0.000    0.000    0.000 <frozen importlib._bootstrap>:143(__init__)
        9    0.000    0.000    0.000    0.000 <frozen importlib._bootstrap>:147(__enter__)
        9    0.000    0.000    0.000    0.000 <frozen importlib._bootstrap>:151(__exit__)
        9    0.000    0.000    0.000    0.000 <frozen importlib._bootstrap>:157(_get_module_lock)
        9    0.000    0.000    0.000    0.000 <frozen importlib._bootstrap>:176(cb)
     15/1    0.000    0.000    0.003    0.003 <frozen importlib._bootstrap>:211(_call_with_frames_removed)
      165    0.000    0.000    0.000    0.000 <frozen importlib._bootstrap>:222(_verbose_message)
        9    0.000    0.000    0.000    0.000 <frozen importlib._bootstrap>:307(__init__)
        9    0.000    0.000    0.000    0.000 <frozen importlib._bootstrap>:311(__enter__)
        9    0.000    0.000    0.000    0.000 <frozen importlib._bootstrap>:318(__exit__)
       36    0.000    0.000    0.000    0.000 <frozen importlib._bootstrap>:321(<genexpr>)
        3    0.000    0.000    0.000    0.000 <frozen importlib._bootstrap>:35(_new_module)
        9    0.000    0.000    0.000    0.000 <frozen importlib._bootstrap>:369(__init__)
       12    0.000    0.000    0.000    0.000 <frozen importlib._bootstrap>:403(cached)
        9    0.000    0.000    0.000    0.000 <frozen importlib._bootstrap>:416(parent)
        9    0.000    0.000    0.000    0.000 <frozen importlib._bootstrap>:424(has_location)
        9    0.000    0.000    0.000    0.000 <frozen importlib._bootstrap>:504(_init_module_attrs)
        9    0.000    0.000    0.002    0.000 <frozen importlib._bootstrap>:576(module_from_spec)
        9    0.000    0.000    0.000    0.000 <frozen importlib._bootstrap>:58(__init__)
      9/1    0.000    0.000    0.003    0.003 <frozen importlib._bootstrap>:663(_load_unlocked)
        9    0.000    0.000    0.000    0.000 <frozen importlib._bootstrap>:719(find_spec)
        9    0.000    0.000    0.000    0.000 <frozen importlib._bootstrap>:78(acquire)
        9    0.000    0.000    0.000    0.000 <frozen importlib._bootstrap>:792(find_spec)
       27    0.000    0.000    0.000    0.000 <frozen importlib._bootstrap>:855(__enter__)
       27    0.000    0.000    0.000    0.000 <frozen importlib._bootstrap>:859(__exit__)
        9    0.000    0.000    0.001    0.000 <frozen importlib._bootstrap>:882(_find_spec)
      9/1    0.000    0.000    0.003    0.003 <frozen importlib._bootstrap>:948(_find_and_load_unlocked)
      9/1    0.000    0.000    0.003    0.003 <frozen importlib._bootstrap>:978(_find_and_load)
        6    0.000    0.000    0.000    0.000 <frozen importlib._bootstrap_external>:1029(__init__)
        6    0.000    0.000    0.002    0.000 <frozen importlib._bootstrap_external>:1040(create_module)
        6    0.000    0.000    0.000    0.000 <frozen importlib._bootstrap_external>:1048(exec_module)
       42    0.000    0.000    0.000    0.000 <frozen importlib._bootstrap_external>:1203(_path_importer_cache)
        9    0.000    0.000    0.001    0.000 <frozen importlib._bootstrap_external>:1240(_get_spec)
        9    0.000    0.000    0.001    0.000 <frozen importlib._bootstrap_external>:1272(find_spec)
        9    0.000    0.000    0.000    0.000 <frozen importlib._bootstrap_external>:1351(_get_spec)
       33    0.000    0.000    0.001    0.000 <frozen importlib._bootstrap_external>:1356(find_spec)
        6    0.000    0.000    0.000    0.000 <frozen importlib._bootstrap_external>:271(cache_from_source)
        9    0.000    0.000    0.000    0.000 <frozen importlib._bootstrap_external>:369(_get_cached)
       33    0.000    0.000    0.000    0.000 <frozen importlib._bootstrap_external>:40(_relax_case)
        3    0.000    0.000    0.000    0.000 <frozen importlib._bootstrap_external>:401(_check_name_wrapper)
        3    0.000    0.000    0.000    0.000 <frozen importlib._bootstrap_external>:438(_classify_pyc)
        3    0.000    0.000    0.000    0.000 <frozen importlib._bootstrap_external>:471(_validate_timestamp_pyc)
        9    0.000    0.000    0.000    0.000 <frozen importlib._bootstrap_external>:51(_r_long)
        3    0.000    0.000    0.000    0.000 <frozen importlib._bootstrap_external>:523(_compile_bytecode)
      144    0.000    0.000    0.000    0.000 <frozen importlib._bootstrap_external>:56(_path_join)
        9    0.000    0.000    0.000    0.000 <frozen importlib._bootstrap_external>:574(spec_from_file_location)
      144    0.000    0.000    0.000    0.000 <frozen importlib._bootstrap_external>:58(<listcomp>)
        6    0.000    0.000    0.000    0.000 <frozen importlib._bootstrap_external>:62(_path_split)
        3    0.000    0.000    0.000    0.000 <frozen importlib._bootstrap_external>:719(create_module)
      3/1    0.000    0.000    0.003    0.003 <frozen importlib._bootstrap_external>:722(exec_module)
       45    0.000    0.000    0.000    0.000 <frozen importlib._bootstrap_external>:74(_path_stat)
        3    0.000    0.000    0.000    0.000 <frozen importlib._bootstrap_external>:793(get_code)
        9    0.000    0.000    0.000    0.000 <frozen importlib._bootstrap_external>:84(_path_is_mode_type)
        3    0.000    0.000    0.000    0.000 <frozen importlib._bootstrap_external>:884(__init__)
        3    0.000    0.000    0.000    0.000 <frozen importlib._bootstrap_external>:909(get_filename)
        3    0.000    0.000    0.000    0.000 <frozen importlib._bootstrap_external>:914(get_data)
        9    0.000    0.000    0.000    0.000 <frozen importlib._bootstrap_external>:93(_path_isfile)
        3    0.000    0.000    0.000    0.000 <frozen importlib._bootstrap_external>:951(path_stats)
        1    0.000    0.000    0.000    0.000 bisect.py:1(<module>)
       14    0.000    0.000    0.001    0.000 hashlib.py:116(__get_openssl_constructor)
        1    0.000    0.000    0.002    0.002 hashlib.py:54(<module>)
        8    0.000    0.000    0.001    0.000 hashlib.py:73(__get_builtin_constructor)
      250    0.010    0.000    0.081    0.000 matmult.py:12(<listcomp>)
        1    0.000    0.000    0.079    0.079 matmult.py:17(y_gen)
        1    0.000    0.000    2.665    2.665 matmult.py:2(<module>)
      250    0.010    0.000    0.079    0.000 matmult.py:21(<listcomp>)
        1    0.001    0.001    0.001    0.001 matmult.py:26(result_gen)
        1    2.494    2.494    2.497    2.497 matmult.py:36(iterating)
        1    0.000    0.000    0.004    0.004 matmult.py:47(printing)
        1    0.000    0.000    0.081    0.081 matmult.py:8(x_gen)
   125250    0.051    0.000    0.116    0.000 random.py:174(randrange)
   125250    0.024    0.000    0.140    0.000 random.py:218(randint)
   125250    0.045    0.000    0.065    0.000 random.py:224(_randbelow)
        1    0.000    0.000    0.003    0.003 random.py:38(<module>)
        1    0.000    0.000    0.000    0.000 random.py:669(SystemRandom)
        1    0.000    0.000    0.000    0.000 random.py:72(Random)
        1    0.000    0.000    0.000    0.000 random.py:88(__init__)
        1    0.000    0.000    0.000    0.000 random.py:97(seed)
        1    0.000    0.000    0.000    0.000 {built-in method _hashlib.openssl_md5}
        1    0.000    0.000    0.000    0.000 {built-in method _hashlib.openssl_sha1}
        1    0.000    0.000    0.000    0.000 {built-in method _hashlib.openssl_sha224}
        1    0.000    0.000    0.000    0.000 {built-in method _hashlib.openssl_sha256}
        1    0.000    0.000    0.000    0.000 {built-in method _hashlib.openssl_sha384}
        1    0.000    0.000    0.000    0.000 {built-in method _hashlib.openssl_sha512}
        3    0.000    0.000    0.000    0.000 {built-in method _imp._fix_co_filename}
       45    0.000    0.000    0.000    0.000 {built-in method _imp.acquire_lock}
        6    0.001    0.000    0.001    0.000 {built-in method _imp.create_dynamic}
        6    0.000    0.000    0.000    0.000 {built-in method _imp.exec_dynamic}
        9    0.000    0.000    0.000    0.000 {built-in method _imp.is_builtin}
        9    0.000    0.000    0.000    0.000 {built-in method _imp.is_frozen}
       45    0.000    0.000    0.000    0.000 {built-in method _imp.release_lock}
       18    0.000    0.000    0.000    0.000 {built-in method _thread.allocate_lock}
       18    0.000    0.000    0.000    0.000 {built-in method _thread.get_ident}
        2    0.000    0.000    0.000    0.000 {built-in method builtins.__build_class__}
        9    0.000    0.000    0.000    0.000 {built-in method builtins.any}
      4/1    0.000    0.000    2.665    2.665 {built-in method builtins.exec}
       66    0.000    0.000    0.000    0.000 {built-in method builtins.getattr}
       14    0.000    0.000    0.000    0.000 {built-in method builtins.globals}
       62    0.000    0.000    0.000    0.000 {built-in method builtins.hasattr}
       46    0.000    0.000    0.000    0.000 {built-in method builtins.isinstance}
    63010    0.003    0.000    0.003    0.000 {built-in method builtins.len}
      250    0.004    0.000    0.004    0.000 {built-in method builtins.print}
        9    0.000    0.000    0.000    0.000 {built-in method from_bytes}
        3    0.000    0.000    0.000    0.000 {built-in method marshal.loads}
        1    0.000    0.000    0.000    0.000 {built-in method math.exp}
        2    0.000    0.000    0.000    0.000 {built-in method math.log}
        1    0.000    0.000    0.000    0.000 {built-in method math.sqrt}
       15    0.000    0.000    0.000    0.000 {built-in method posix.fspath}
        9    0.000    0.000    0.000    0.000 {built-in method posix.getcwd}
        1    0.000    0.000    0.000    0.000 {built-in method posix.register_at_fork}
       45    0.000    0.000    0.000    0.000 {built-in method posix.stat}
        1    0.000    0.000    0.000    0.000 {function Random.seed at 0x7feb48c56680}
      750    0.000    0.000    0.000    0.000 {method 'append' of 'list' objects}
   125250    0.006    0.000    0.006    0.000 {method 'bit_length' of 'int' objects}
        1    0.000    0.000    0.000    0.000 {method 'disable' of '_lsprof.Profiler' objects}
       15    0.000    0.000    0.000    0.000 {method 'endswith' of 'str' objects}
       28    0.000    0.000    0.000    0.000 {method 'get' of 'dict' objects}
   158857    0.014    0.000    0.014    0.000 {method 'getrandbits' of '_random.Random' objects}
      150    0.000    0.000    0.000    0.000 {method 'join' of 'str' objects}
        3    0.000    0.000    0.000    0.000 {method 'read' of '_io.FileIO' objects}
       63    0.000    0.000    0.000    0.000 {method 'rpartition' of 'str' objects}
      294    0.000    0.000    0.000    0.000 {method 'rstrip' of 'str' objects}
        1    0.000    0.000    0.000    0.000 {method 'union' of 'set' objects}


