         610281 function calls (544240 primitive calls) in 0.968 seconds

   Ordered by: standard name

   ncalls  tottime  percall  cumtime  percall filename:lineno(function)
        1    0.000    0.000    0.000    0.000 <__array_function__ internals>:2(<module>)
      250    0.000    0.000    0.002    0.000 <__array_function__ internals>:2(amax)
      250    0.000    0.000    0.002    0.000 <__array_function__ internals>:2(amin)
        1    0.000    0.000    0.000    0.000 <__array_function__ internals>:2(concatenate)
        1    0.000    0.000    0.000    0.000 <__array_function__ internals>:2(copyto)
        2    0.000    0.000    0.000    0.000 <__array_function__ internals>:2(prod)
   892/77    0.001    0.000    0.548    0.007 <frozen importlib._bootstrap>:1009(_handle_fromlist)
      508    0.001    0.000    0.001    0.000 <frozen importlib._bootstrap>:103(release)
      198    0.000    0.000    0.000    0.000 <frozen importlib._bootstrap>:143(__init__)
      198    0.000    0.000    0.002    0.000 <frozen importlib._bootstrap>:147(__enter__)
      198    0.000    0.000    0.001    0.000 <frozen importlib._bootstrap>:151(__exit__)
      508    0.001    0.000    0.001    0.000 <frozen importlib._bootstrap>:157(_get_module_lock)
      197    0.000    0.000    0.000    0.000 <frozen importlib._bootstrap>:176(cb)
      310    0.000    0.000    0.001    0.000 <frozen importlib._bootstrap>:194(_lock_unlock_module)
    275/2    0.000    0.000    0.786    0.393 <frozen importlib._bootstrap>:211(_call_with_frames_removed)
     2047    0.001    0.000    0.001    0.000 <frozen importlib._bootstrap>:222(_verbose_message)
        5    0.000    0.000    0.000    0.000 <frozen importlib._bootstrap>:232(_requires_builtin_wrapper)
      186    0.000    0.000    0.000    0.000 <frozen importlib._bootstrap>:307(__init__)
      186    0.000    0.000    0.000    0.000 <frozen importlib._bootstrap>:311(__enter__)
      186    0.000    0.000    0.001    0.000 <frozen importlib._bootstrap>:318(__exit__)
      744    0.000    0.000    0.000    0.000 <frozen importlib._bootstrap>:321(<genexpr>)
      145    0.000    0.000    0.000    0.000 <frozen importlib._bootstrap>:35(_new_module)
      195    0.000    0.000    0.000    0.000 <frozen importlib._bootstrap>:369(__init__)
      326    0.000    0.000    0.002    0.000 <frozen importlib._bootstrap>:403(cached)
      420    0.000    0.000    0.000    0.000 <frozen importlib._bootstrap>:416(parent)
      186    0.000    0.000    0.000    0.000 <frozen importlib._bootstrap>:424(has_location)
        5    0.000    0.000    0.000    0.000 <frozen importlib._bootstrap>:433(spec_from_loader)
      186    0.001    0.000    0.003    0.000 <frozen importlib._bootstrap>:504(_init_module_attrs)
  186/184    0.000    0.000    0.265    0.001 <frozen importlib._bootstrap>:576(module_from_spec)
      197    0.000    0.000    0.000    0.000 <frozen importlib._bootstrap>:58(__init__)
    186/2    0.001    0.000    0.812    0.406 <frozen importlib._bootstrap>:663(_load_unlocked)
      195    0.000    0.000    0.000    0.000 <frozen importlib._bootstrap>:719(find_spec)
        5    0.000    0.000    0.000    0.000 <frozen importlib._bootstrap>:740(create_module)
        5    0.000    0.000    0.000    0.000 <frozen importlib._bootstrap>:748(exec_module)
        5    0.000    0.000    0.000    0.000 <frozen importlib._bootstrap>:765(is_package)
      508    0.001    0.000    0.001    0.000 <frozen importlib._bootstrap>:78(acquire)
      190    0.000    0.000    0.000    0.000 <frozen importlib._bootstrap>:792(find_spec)
      583    0.000    0.000    0.000    0.000 <frozen importlib._bootstrap>:855(__enter__)
      583    0.000    0.000    0.000    0.000 <frozen importlib._bootstrap>:859(__exit__)
        8    0.000    0.000    0.000    0.000 <frozen importlib._bootstrap>:873(_find_spec_legacy)
      195    0.001    0.000    0.013    0.000 <frozen importlib._bootstrap>:882(_find_spec)
    198/2    0.001    0.000    0.813    0.406 <frozen importlib._bootstrap>:948(_find_and_load_unlocked)
    198/2    0.001    0.000    0.813    0.406 <frozen importlib._bootstrap>:978(_find_and_load)
       36    0.000    0.000    0.000    0.000 <frozen importlib._bootstrap_external>:1029(__init__)
    36/35    0.000    0.000    0.262    0.007 <frozen importlib._bootstrap_external>:1040(create_module)
    36/30    0.000    0.000    0.043    0.001 <frozen importlib._bootstrap_external>:1048(exec_module)
       18    0.000    0.000    0.000    0.000 <frozen importlib._bootstrap_external>:1190(_path_hooks)
      439    0.000    0.000    0.001    0.000 <frozen importlib._bootstrap_external>:1203(_path_importer_cache)
      190    0.001    0.000    0.011    0.000 <frozen importlib._bootstrap_external>:1240(_get_spec)
      190    0.000    0.000    0.011    0.000 <frozen importlib._bootstrap_external>:1272(find_spec)
       18    0.000    0.000    0.000    0.000 <frozen importlib._bootstrap_external>:1319(__init__)
      144    0.000    0.000    0.000    0.000 <frozen importlib._bootstrap_external>:1325(<genexpr>)
      181    0.000    0.000    0.001    0.000 <frozen importlib._bootstrap_external>:1351(_get_spec)
      372    0.002    0.000    0.010    0.000 <frozen importlib._bootstrap_external>:1356(find_spec)
       18    0.000    0.000    0.000    0.000 <frozen importlib._bootstrap_external>:1404(_fill_cache)
       18    0.000    0.000    0.000    0.000 <frozen importlib._bootstrap_external>:1445(path_hook_for_FileFinder)
      290    0.001    0.000    0.002    0.000 <frozen importlib._bootstrap_external>:271(cache_from_source)
      181    0.000    0.000    0.001    0.000 <frozen importlib._bootstrap_external>:369(_get_cached)
      372    0.000    0.000    0.000    0.000 <frozen importlib._bootstrap_external>:40(_relax_case)
      145    0.000    0.000    0.000    0.000 <frozen importlib._bootstrap_external>:401(_check_name_wrapper)
      145    0.000    0.000    0.001    0.000 <frozen importlib._bootstrap_external>:438(_classify_pyc)
      145    0.000    0.000    0.000    0.000 <frozen importlib._bootstrap_external>:471(_validate_timestamp_pyc)
      435    0.000    0.000    0.000    0.000 <frozen importlib._bootstrap_external>:51(_r_long)
      145    0.000    0.000    0.012    0.000 <frozen importlib._bootstrap_external>:523(_compile_bytecode)
     1879    0.001    0.000    0.003    0.000 <frozen importlib._bootstrap_external>:56(_path_join)
      181    0.000    0.000    0.001    0.000 <frozen importlib._bootstrap_external>:574(spec_from_file_location)
     1879    0.001    0.000    0.001    0.000 <frozen importlib._bootstrap_external>:58(<listcomp>)
      290    0.000    0.000    0.000    0.000 <frozen importlib._bootstrap_external>:62(_path_split)
      145    0.000    0.000    0.000    0.000 <frozen importlib._bootstrap_external>:719(create_module)
    145/2    0.000    0.000    0.812    0.406 <frozen importlib._bootstrap_external>:722(exec_module)
      770    0.000    0.000    0.003    0.000 <frozen importlib._bootstrap_external>:74(_path_stat)
      145    0.001    0.000    0.252    0.002 <frozen importlib._bootstrap_external>:793(get_code)
      253    0.000    0.000    0.002    0.000 <frozen importlib._bootstrap_external>:84(_path_is_mode_type)
      145    0.000    0.000    0.000    0.000 <frozen importlib._bootstrap_external>:884(__init__)
      145    0.000    0.000    0.000    0.000 <frozen importlib._bootstrap_external>:909(get_filename)
      145    0.002    0.000    0.236    0.002 <frozen importlib._bootstrap_external>:914(get_data)
      235    0.000    0.000    0.002    0.000 <frozen importlib._bootstrap_external>:93(_path_isfile)
      145    0.000    0.000    0.001    0.000 <frozen importlib._bootstrap_external>:951(path_stats)
       18    0.000    0.000    0.000    0.000 <frozen importlib._bootstrap_external>:98(_path_isdir)
        1    0.000    0.000    0.000    0.000 <string>:1(<module>)
      574    0.000    0.000    0.000    0.000 <string>:1(__new__)
        1    0.000    0.000    0.000    0.000 __config__.py:3(<module>)
        1    0.000    0.000    0.000    0.000 __future__.py:48(<module>)
        1    0.000    0.000    0.000    0.000 __future__.py:80(_Feature)
       10    0.000    0.000    0.000    0.000 __future__.py:81(__init__)
        6    0.000    0.000    0.285    0.048 __init__.py:1(<module>)
        1    0.000    0.000    0.008    0.008 __init__.py:10(<module>)
        1    0.000    0.000    0.783    0.783 __init__.py:106(<module>)
        1    0.000    0.000    0.000    0.000 __init__.py:1065(FileHandler)
        1    0.000    0.000    0.000    0.000 __init__.py:1134(_StderrHandler)
        1    0.000    0.000    0.000    0.000 __init__.py:1140(__init__)
        1    0.000    0.000    0.000    0.000 __init__.py:1158(PlaceHolder)
        1    0.000    0.000    0.000    0.000 __init__.py:1200(Manager)
        1    0.000    0.000    0.000    0.000 __init__.py:1205(__init__)
        1    0.000    0.000    0.088    0.088 __init__.py:124(<module>)
        1    0.000    0.000    0.000    0.000 __init__.py:1321(Logger)
        1    0.000    0.000    0.000    0.000 __init__.py:1336(__init__)
       14    0.000    0.000    0.000    0.000 __init__.py:139(_check_size)
        1    0.000    0.000    0.027    0.027 __init__.py:15(<module>)
        1    0.000    0.000    0.000    0.000 __init__.py:151(py_object)
        1    0.000    0.000    0.000    0.000 __init__.py:160(c_short)
        1    0.000    0.000    0.000    0.000 __init__.py:164(c_ushort)
        1    0.000    0.000    0.000    0.000 __init__.py:1662(RootLogger)
        1    0.000    0.000    0.000    0.000 __init__.py:1668(__init__)
        1    0.000    0.000    0.000    0.000 __init__.py:1679(LoggerAdapter)
        1    0.000    0.000    0.000    0.000 __init__.py:168(c_long)
        1    0.000    0.000    0.000    0.000 __init__.py:172(c_ulong)
        1    0.000    0.000    0.000    0.000 __init__.py:181(c_int)
        1    0.000    0.000    0.000    0.000 __init__.py:185(c_uint)
        2    0.000    0.000    0.000    0.000 __init__.py:187(_checkLevel)
        1    0.000    0.000    0.000    0.000 __init__.py:189(c_float)
        1    0.000    0.000    0.000    0.000 __init__.py:193(c_double)
        1    0.000    0.000    0.000    0.000 __init__.py:197(c_longdouble)
        1    0.000    0.000    0.000    0.000 __init__.py:2054(NullHandler)
        2    0.000    0.000    0.000    0.000 __init__.py:212(_acquireLock)
        1    0.000    0.000    0.001    0.001 __init__.py:214(_sanity_check)
        1    0.000    0.000    0.000    0.000 __init__.py:218(c_ubyte)
        2    0.000    0.000    0.000    0.000 __init__.py:221(_releaseLock)
        1    0.000    0.000    0.000    0.000 __init__.py:225(c_byte)
        1    0.000    0.000    0.000    0.000 __init__.py:230(c_char)
        1    0.000    0.000    0.000    0.000 __init__.py:235(c_char_p)
        1    0.000    0.000    0.001    0.001 __init__.py:24(<module>)
        1    0.000    0.000    0.000    0.000 __init__.py:241(c_void_p)
        1    0.000    0.000    0.000    0.000 __init__.py:242(_register_at_fork_reinit_lock)
        1    0.000    0.000    0.000    0.000 __init__.py:246(c_bool)
        1    0.000    0.000    0.000    0.000 __init__.py:251(c_wchar_p)
        1    0.000    0.000    0.000    0.000 __init__.py:256(c_wchar)
        1    0.000    0.000    0.000    0.000 __init__.py:259(_reset_cache)
        1    0.000    0.000    0.105    0.105 __init__.py:26(<module>)
        1    0.000    0.000    0.010    0.010 __init__.py:27(<module>)
        1    0.000    0.000    0.000    0.000 __init__.py:270(LogRecord)
        1    0.000    0.000    0.000    0.000 __init__.py:28(RTLD_for_MKL)
        1    0.000    0.000    0.000    0.000 __init__.py:29(__init__)
        1    0.000    0.000    0.023    0.023 __init__.py:3(<module>)
       14    0.000    0.000    0.000    0.000 __init__.py:31(register_func)
       13    0.001    0.000    0.002    0.000 __init__.py:316(namedtuple)
        1    0.000    0.000    0.000    0.000 __init__.py:319(CDLL)
        1    0.000    0.000    0.002    0.002 __init__.py:32(__enter__)
        1    0.000    0.000    0.000    0.000 __init__.py:340(__init__)
        1    0.000    0.000    0.000    0.000 __init__.py:358(_FuncPtr)
        1    0.000    0.000    0.000    0.000 __init__.py:387(PyDLL)
       65    0.000    0.000    0.000    0.000 __init__.py:388(<genexpr>)
        1    0.000    0.000    0.000    0.000 __init__.py:409(PercentStyle)
        1    0.000    0.000    0.011    0.011 __init__.py:41(<module>)
        1    0.000    0.000    0.000    0.000 __init__.py:415(__init__)
        1    0.000    0.000    0.000    0.000 __init__.py:424(StrFormatStyle)
        1    0.000    0.000    0.000    0.000 __init__.py:427(LibraryLoader)
        2    0.000    0.000    0.000    0.000 __init__.py:428(__init__)
        1    0.000    0.000    0.000    0.000 __init__.py:43(__exit__)
        1    0.000    0.000    0.000    0.000 __init__.py:433(StringTemplateStyle)
        2    0.000    0.000    0.042    0.021 __init__.py:45(<module>)
        1    0.000    0.000    0.000    0.000 __init__.py:457(Formatter)
        3    0.000    0.000    0.000    0.000 __init__.py:489(PYFUNCTYPE)
        3    0.000    0.000    0.000    0.000 __init__.py:490(CFunctionType)
        1    0.000    0.000    0.000    0.000 __init__.py:502(__init__)
        1    0.000    0.000    0.000    0.000 __init__.py:632(BufferingFormatter)
        1    0.000    0.000    0.000    0.000 __init__.py:674(Filter)
        1    0.000    0.000    0.037    0.037 __init__.py:7(<module>)
        1    0.000    0.000    0.000    0.000 __init__.py:711(Filterer)
        2    0.000    0.000    0.000    0.000 __init__.py:716(__init__)
        3    0.000    0.000    0.000    0.000 __init__.py:73(CFUNCTYPE)
        1    0.000    0.000    0.000    0.000 __init__.py:783(_addHandlerRef)
        1    0.000    0.000    0.000    0.000 __init__.py:793(Handler)
        1    0.000    0.000    0.000    0.000 __init__.py:802(__init__)
        1    0.000    0.000    0.000    0.000 __init__.py:831(createLock)
        1    0.000    0.000    0.000    0.000 __init__.py:982(StreamHandler)
        3    0.000    0.000    0.000    0.000 __init__.py:99(CFunctionType)
        1    0.000    0.000    0.008    0.008 _add_newdocs.py:10(<module>)
        1    0.000    0.000    0.000    0.000 _add_newdocs.py:6668(numeric_type_aliases)
       18    0.000    0.000    0.000    0.000 _add_newdocs.py:6669(type_aliases_gen)
       19    0.000    0.000    0.000    0.000 _add_newdocs.py:6704(add_newdoc_for_scalar_type)
       27    0.000    0.000    0.000    0.000 _add_newdocs.py:6709(<genexpr>)
       36    0.000    0.000    0.000    0.000 _add_newdocs.py:6710(<genexpr>)
      250    0.000    0.000    0.000    0.000 _asarray.py:16(asarray)
        1    0.000    0.000    0.000    0.000 _asarray.py:5(<module>)
        1    0.000    0.000    0.000    0.000 _collections_abc.py:349(__subclasshook__)
        1    0.000    0.000    0.000    0.000 _collections_abc.py:657(get)
        2    0.000    0.000    0.000    0.000 _collections_abc.py:664(__contains__)
        1    0.000    0.000    0.000    0.000 _collections_abc.py:72(_check_methods)
       43    0.000    0.000    0.000    0.000 _compat_pickle.py:165(<genexpr>)
       85    0.000    0.000    0.000    0.000 _compat_pickle.py:167(<genexpr>)
        1    0.000    0.000    0.000    0.000 _compat_pickle.py:9(<module>)
        1    0.000    0.000    0.000    0.000 _compression.py:1(<module>)
        1    0.000    0.000    0.000    0.000 _compression.py:33(DecompressReader)
        1    0.000    0.000    0.000    0.000 _compression.py:9(BaseStream)
        1    0.000    0.000    0.000    0.000 _datasource.py:144(_FileOpeners)
        1    0.000    0.000    0.000    0.000 _datasource.py:169(__init__)
        1    0.000    0.000    0.000    0.000 _datasource.py:272(DataSource)
        1    0.000    0.000    0.003    0.003 _datasource.py:36(<module>)
        1    0.000    0.000    0.000    0.000 _datasource.py:626(Repository)
        1    0.000    0.000    0.112    0.112 _distributor_init.py:10(<module>)
        2    0.000    0.000    0.000    0.000 _dtype.py:319(_name_get)
       16    0.000    0.000    0.000    0.000 _dtype.py:36(_kind_name)
        1    0.000    0.000    0.000    0.000 _dtype.py:5(<module>)
        1    0.000    0.000    0.000    0.000 _dtype_ctypes.py:24(<module>)
       13    0.000    0.000    0.000    0.000 _dtype_ctypes.py:69(_from_ctypes_scalar)
       13    0.000    0.000    0.000    0.000 _dtype_ctypes.py:97(dtype_from_ctypes_type)
        1    0.000    0.000    0.000    0.000 _endian.py:1(<module>)
        1    0.000    0.000    0.000    0.000 _endian.py:23(_swapped_meta)
        1    0.000    0.000    0.000    0.000 _endian.py:46(BigEndianStructure)
        1    0.000    0.000    0.000    0.000 _exceptions.py:101(_UFuncOutputCastingError)
        1    0.000    0.000    0.000    0.000 _exceptions.py:120(TooHardError)
        1    0.000    0.000    0.000    0.000 _exceptions.py:125(AxisError)
        1    0.000    0.000    0.000    0.000 _exceptions.py:143(_ArrayMemoryError)
        6    0.000    0.000    0.000    0.000 _exceptions.py:17(_display_as_base)
        1    0.000    0.000    0.000    0.000 _exceptions.py:34(UFuncTypeError)
        1    0.000    0.000    0.000    0.000 _exceptions.py:40(_UFuncBinaryResolutionError)
        1    0.000    0.000    0.000    0.000 _exceptions.py:56(_UFuncNoLoopError)
        1    0.000    0.000    0.000    0.000 _exceptions.py:7(<module>)
        1    0.000    0.000    0.000    0.000 _exceptions.py:74(_UFuncCastingError)
        1    0.000    0.000    0.000    0.000 _exceptions.py:83(_UFuncInputCastingError)
        1    0.000    0.000    0.000    0.000 _float_utils.py:27(<module>)
        1    0.000    0.000    0.000    0.000 _globals.py:17(<module>)
        1    0.000    0.000    0.000    0.000 _globals.py:32(ModuleDeprecationWarning)
        1    0.000    0.000    0.000    0.000 _globals.py:46(VisibleDeprecationWarning)
        1    0.000    0.000    0.000    0.000 _globals.py:59(_NoValueType)
        1    0.000    0.000    0.000    0.000 _globals.py:67(__new__)
        9    0.000    0.000    0.000    0.000 _globals.py:77(__repr__)
       90    0.000    0.000    0.000    0.000 _inspect.py:133(strseq)
       40    0.000    0.000    0.000    0.000 _inspect.py:142(formatargspec)
       15    0.000    0.000    0.000    0.000 _inspect.py:144(<lambda>)
       16    0.000    0.000    0.000    0.000 _inspect.py:145(<lambda>)
       59    0.000    0.000    0.000    0.000 _inspect.py:146(<lambda>)
      618    0.000    0.000    0.000    0.000 _inspect.py:15(ismethod)
      618    0.000    0.000    0.000    0.000 _inspect.py:28(isfunction)
      614    0.000    0.000    0.000    0.000 _inspect.py:43(iscode)
      614    0.001    0.000    0.002    0.000 _inspect.py:67(getargs)
        1    0.000    0.000    0.000    0.000 _inspect.py:7(<module>)
      618    0.001    0.000    0.003    0.000 _inspect.py:98(getargspec)
        1    0.000    0.000    0.000    0.000 _internal.py:206(dummy_ctype)
        1    0.000    0.000    0.000    0.000 _internal.py:218(_getintp_ctype)
        1    0.000    0.000    0.000    0.000 _internal.py:241(_missing_ctypes)
        1    0.000    0.000    0.000    0.000 _internal.py:245(c_void_p)
        1    0.000    0.000    0.000    0.000 _internal.py:250(_unsafe_first_element_pointer)
        1    0.000    0.000    0.000    0.000 _internal.py:290(_ctypes)
        1    0.000    0.000    0.000    0.000 _internal.py:561(_Stream)
        1    0.000    0.000    0.010    0.010 _internal.py:6(<module>)
       50    0.000    0.000    0.000    0.000 _internal.py:819(_ufunc_doc_signature_formatter)
       78    0.000    0.000    0.000    0.000 _internal.py:830(<genexpr>)
       13    0.000    0.000    0.000    0.000 _internal.py:865(npy_ctypes_check)
        1    0.000    0.000    0.000    0.000 _internal.py:883(recursive)
        1    0.000    0.000    0.000    0.000 _iotools.py:176(LineSplitter)
        1    0.000    0.000    0.000    0.000 _iotools.py:276(NameValidator)
        1    0.000    0.000    0.000    0.000 _iotools.py:3(<module>)
        1    0.000    0.000    0.000    0.000 _iotools.py:470(ConverterError)
        1    0.000    0.000    0.000    0.000 _iotools.py:478(ConverterLockError)
        1    0.000    0.000    0.000    0.000 _iotools.py:486(ConversionWarning)
        1    0.000    0.000    0.000    0.000 _iotools.py:499(StringConverter)
        1    0.000    0.000    0.000    0.000 _methods.py:5(<module>)
        1    0.000    0.000    0.001    0.001 _numpy_fft.py:54(<module>)
        1    0.000    0.000    0.086    0.086 _pickle.py:1(<module>)
        1    0.000    0.000    0.000    0.000 _polybase.py:19(ABCPolyBase)
        1    0.000    0.000    0.000    0.000 _polybase.py:8(<module>)
        1    0.000    0.000    0.000    0.000 _pytesttester.py:29(<module>)
        1    0.000    0.000    0.000    0.000 _pytesttester.py:47(PytestTester)
       10    0.000    0.000    0.000    0.000 _pytesttester.py:72(__init__)
       36    0.000    0.000    0.000    0.000 _string_helpers.py:16(english_lower)
       16    0.000    0.000    0.000    0.000 _string_helpers.py:44(english_upper)
        1    0.000    0.000    0.000    0.000 _string_helpers.py:5(<module>)
       16    0.000    0.000    0.000    0.000 _string_helpers.py:72(english_capitalize)
        1    0.000    0.000    0.000    0.000 _string_helpers.py:9(<listcomp>)
        6    0.000    0.000    0.000    0.000 _type_aliases.py:113(<genexpr>)
        1    0.000    0.000    0.003    0.003 _type_aliases.py:115(_add_aliases)
        1    0.000    0.000    0.000    0.000 _type_aliases.py:154(_add_integer_aliases)
        1    0.000    0.000    0.000    0.000 _type_aliases.py:187(_set_up_aliases)
       30    0.000    0.000    0.000    0.000 _type_aliases.py:238(_add_array_type)
        1    0.000    0.000    0.006    0.006 _type_aliases.py:24(<module>)
        1    0.000    0.000    0.000    0.000 _type_aliases.py:246(_set_array_types)
        1    0.000    0.000    0.000    0.000 _type_aliases.py:36(TypeNADict)
        1    0.000    0.000    0.000    0.000 _type_aliases.py:63(<setcomp>)
       16    0.000    0.000    0.000    0.000 _type_aliases.py:66(_bits_of)
       32    0.000    0.000    0.000    0.000 _type_aliases.py:68(<genexpr>)
       16    0.002    0.000    0.002    0.000 _type_aliases.py:79(bitname)
        1    0.000    0.000    0.000    0.000 _type_aliases.py:95(_add_types)
        8    0.000    0.000    0.000    0.000 _ufunc_config.py:139(geterr)
        1    0.000    0.000    0.000    0.000 _ufunc_config.py:36(<dictcomp>)
        1    0.000    0.000    0.000    0.000 _ufunc_config.py:368(_unspecified)
        1    0.000    0.000    0.000    0.000 _ufunc_config.py:375(errstate)
        8    0.000    0.000    0.000    0.000 _ufunc_config.py:39(seterr)
        4    0.000    0.000    0.000    0.000 _ufunc_config.py:437(__init__)
        4    0.000    0.000    0.000    0.000 _ufunc_config.py:441(__enter__)
        4    0.000    0.000    0.000    0.000 _ufunc_config.py:446(__exit__)
        1    0.000    0.000    0.000    0.000 _ufunc_config.py:452(_setdef)
        1    0.000    0.000    0.000    0.000 _ufunc_config.py:5(<module>)
        1    0.000    0.000    0.000    0.000 _version.py:1(<module>)
        1    0.000    0.000    0.000    0.000 _version.py:18(NumpyVersion)
        1    0.000    0.000    0.000    0.000 _version.py:7(<module>)
        2    0.000    0.000    0.000    0.000 _weakrefset.py:36(__init__)
        2    0.000    0.000    0.000    0.000 _weakrefset.py:81(add)
        1    0.000    0.000    0.000    0.000 abc.py:1(<module>)
       29    0.000    0.000    0.001    0.000 abc.py:125(__new__)
       12    0.000    0.000    0.000    0.000 abc.py:130(register)
        1    0.000    0.000    0.000    0.000 abc.py:137(__instancecheck__)
    27/13    0.000    0.000    0.000    0.000 abc.py:141(__subclasscheck__)
       64    0.000    0.000    0.000    0.000 abc.py:7(abstractmethod)
        1    0.000    0.000    0.000    0.000 argparse.py:1022(_HelpAction)
        1    0.000    0.000    0.000    0.000 argparse.py:1041(_VersionAction)
        1    0.000    0.000    0.000    0.000 argparse.py:105(_AttributeHolder)
        1    0.000    0.000    0.000    0.000 argparse.py:1067(_SubParsersAction)
        1    0.000    0.000    0.000    0.000 argparse.py:1069(_ChoicesPseudoAction)
        1    0.000    0.000    0.000    0.000 argparse.py:1165(FileType)
        1    0.000    0.000    0.000    0.000 argparse.py:1219(Namespace)
        1    0.000    0.000    0.000    0.000 argparse.py:1239(_ActionsContainer)
        1    0.000    0.000    0.000    0.000 argparse.py:152(HelpFormatter)
        1    0.000    0.000    0.000    0.000 argparse.py:1546(_ArgumentGroup)
        1    0.000    0.000    0.000    0.000 argparse.py:1580(_MutuallyExclusiveGroup)
        1    0.000    0.000    0.000    0.000 argparse.py:1600(ArgumentParser)
        1    0.000    0.000    0.000    0.000 argparse.py:202(_Section)
        1    0.000    0.000    0.000    0.000 argparse.py:62(<module>)
        1    0.000    0.000    0.000    0.000 argparse.py:650(RawDescriptionHelpFormatter)
        1    0.000    0.000    0.000    0.000 argparse.py:661(RawTextHelpFormatter)
        1    0.000    0.000    0.000    0.000 argparse.py:672(ArgumentDefaultsHelpFormatter)
        1    0.000    0.000    0.000    0.000 argparse.py:689(MetavarTypeHelpFormatter)
        1    0.000    0.000    0.000    0.000 argparse.py:722(ArgumentError)
        1    0.000    0.000    0.000    0.000 argparse.py:742(ArgumentTypeError)
        1    0.000    0.000    0.000    0.000 argparse.py:751(Action)
        1    0.000    0.000    0.000    0.000 argparse.py:842(_StoreAction)
        1    0.000    0.000    0.000    0.000 argparse.py:877(_StoreConstAction)
        1    0.000    0.000    0.000    0.000 argparse.py:900(_StoreTrueAction)
        1    0.000    0.000    0.000    0.000 argparse.py:917(_StoreFalseAction)
        1    0.000    0.000    0.000    0.000 argparse.py:934(_AppendAction)
        1    0.000    0.000    0.000    0.000 argparse.py:972(_AppendConstAction)
        1    0.000    0.000    0.000    0.000 argparse.py:999(_CountAction)
        1    0.000    0.000    0.000    0.000 arraypad.py:5(<module>)
        1    0.000    0.000    0.000    0.000 arrayprint.py:1145(IntegerFormat)
      250    0.001    0.000    0.006    0.000 arrayprint.py:1146(__init__)
    62750    0.014    0.000    0.014    0.000 arrayprint.py:1154(__call__)
        1    0.000    0.000    0.000    0.000 arrayprint.py:1158(BoolFormat)
        1    0.000    0.000    0.000    0.000 arrayprint.py:1168(ComplexFloatingFormat)
        1    0.000    0.000    0.000    0.000 arrayprint.py:1197(ComplexFormat)
        1    0.000    0.000    0.000    0.000 arrayprint.py:1204(LongComplexFormat)
        1    0.000    0.000    0.000    0.000 arrayprint.py:1212(_TimelikeFormat)
        1    0.000    0.000    0.000    0.000 arrayprint.py:1238(DatetimeFormat)
        1    0.000    0.000    0.000    0.000 arrayprint.py:1270(TimedeltaFormat)
        1    0.000    0.000    0.000    0.000 arrayprint.py:1275(SubArrayFormat)
        1    0.000    0.000    0.000    0.000 arrayprint.py:1285(StructuredVoidFormat)
        1    0.000    0.000    0.000    0.000 arrayprint.py:1322(StructureFormat)
      265    0.000    0.000    0.138    0.001 arrayprint.py:1512(_array_str_implementation)
        2    0.000    0.000    0.000    0.000 arrayprint.py:1585(set_string_function)
      250    0.000    0.000    0.000    0.000 arrayprint.py:360(_get_formatdict)
      250    0.000    0.000    0.006    0.000 arrayprint.py:368(<lambda>)
      250    0.001    0.000    0.007    0.000 arrayprint.py:413(_get_format_function)
        2    0.000    0.000    0.000    0.000 arrayprint.py:452(_recursive_guard)
        2    0.000    0.000    0.000    0.000 arrayprint.py:462(decorating_function)
      265    0.001    0.000    0.136    0.001 arrayprint.py:465(wrapper)
      250    0.001    0.000    0.135    0.001 arrayprint.py:482(_array2string)
        1    0.000    0.000    0.001    0.001 arrayprint.py:5(<module>)
      250    0.001    0.000    0.138    0.001 arrayprint.py:520(array2string)
      250    0.000    0.000    0.001    0.000 arrayprint.py:69(_make_options_dict)
    62750    0.034    0.000    0.048    0.000 arrayprint.py:703(_extendLine)
      250    0.000    0.000    0.127    0.001 arrayprint.py:717(_formatArray)
63000/250    0.061    0.000    0.126    0.001 arrayprint.py:726(recurser)
      250    0.000    0.000    0.000    0.000 arrayprint.py:74(<dictcomp>)
        1    0.000    0.000    0.000    0.000 arrayprint.py:842(FloatingFormat)
        1    0.000    0.000    0.000    0.000 arrayprint.py:985(FloatFormat)
        1    0.000    0.000    0.000    0.000 arrayprint.py:992(LongFloatFormat)
        1    0.000    0.000    0.001    0.001 arraysetops.py:27(<module>)
        1    0.000    0.000    0.000    0.000 arrayterator.py:20(Arrayterator)
        1    0.000    0.000    0.000    0.000 arrayterator.py:9(<module>)
        1    0.000    0.000    0.000    0.000 ast.py:238(NodeVisitor)
        1    0.000    0.000    0.000    0.000 ast.py:26(<module>)
        1    0.000    0.000    0.000    0.000 ast.py:275(NodeTransformer)
        1    0.000    0.000    0.000    0.000 base64.py:3(<module>)
        1    0.000    0.000    0.000    0.000 bisect.py:1(<module>)
        1    0.000    0.000    0.000    0.000 bz2.py:28(BZ2File)
        1    0.000    0.000    0.001    0.001 bz2.py:5(<module>)
        1    0.000    0.000    0.003    0.003 case.py:1(<module>)
        1    0.000    0.000    0.000    0.000 case.py:128(_BaseTestCaseContext)
       10    0.000    0.000    0.000    0.000 case.py:1346(_deprecate)
        1    0.000    0.000    0.000    0.000 case.py:1368(FunctionTestCase)
        1    0.000    0.000    0.000    0.000 case.py:137(_AssertRaisesBaseContext)
        1    0.000    0.000    0.000    0.000 case.py:1426(_SubTest)
        1    0.000    0.000    0.000    0.000 case.py:184(_AssertRaisesContext)
        1    0.000    0.000    0.000    0.000 case.py:221(_AssertWarnsContext)
        1    0.000    0.000    0.000    0.000 case.py:25(SkipTest)
        1    0.000    0.000    0.000    0.000 case.py:278(_CapturingHandler)
        1    0.000    0.000    0.000    0.000 case.py:297(_AssertLogsContext)
        1    0.000    0.000    0.000    0.000 case.py:33(_ShouldStop)
        1    0.000    0.000    0.000    0.000 case.py:341(_OrderedChainMap)
        1    0.000    0.000    0.000    0.000 case.py:351(TestCase)
        1    0.000    0.000    0.000    0.000 case.py:38(_UnexpectedSuccess)
        1    0.000    0.000    0.000    0.000 case.py:398(__init__)
        6    0.000    0.000    0.000    0.000 case.py:430(addTypeEqualityFunc)
        1    0.000    0.000    0.000    0.000 case.py:44(_Outcome)
        1    0.000    0.000    0.000    0.000 chebyshev.py:1966(Chebyshev)
        1    0.000    0.000    0.000    0.000 chebyshev.py:89(<module>)
        8    0.000    0.000    0.000    0.000 contextlib.py:210(contextmanager)
        1    0.000    0.000    0.000    0.000 contextlib.py:58(_recreate_cm)
        1    0.000    0.000    0.000    0.000 contextlib.py:70(__call__)
        1    0.000    0.000    0.000    0.000 contextlib.py:71(inner)
        1    0.000    0.000    0.000    0.000 copyreg.py:12(pickle)
        1    0.000    0.000    0.000    0.000 copyreg.py:22(constructor)
        1    0.000    0.000    0.000    0.000 core.py:1120(_DomainedBinaryOperation)
        6    0.000    0.000    0.000    0.000 core.py:1141(__init__)
        4    0.000    0.000    0.000    0.000 core.py:122(doc_note)
        1    0.000    0.000    0.000    0.000 core.py:1278(_replace_dtype_fields_recursive)
        1    0.000    0.000    0.000    0.000 core.py:1310(_replace_dtype_fields)
        1    0.000    0.000    0.000    0.000 core.py:1324(make_mask_descr)
        3    0.000    0.000    0.000    0.000 core.py:1357(getmask)
       44    0.000    0.000    0.000    0.000 core.py:145(get_object_signature)
        1    0.000    0.000    0.000    0.000 core.py:162(MAError)
        1    0.000    0.000    0.000    0.000 core.py:170(MaskError)
        1    0.000    0.000    0.000    0.000 core.py:202(<listcomp>)
        1    0.000    0.000    0.000    0.000 core.py:204(<listcomp>)
        1    0.000    0.000    0.004    0.004 core.py:21(<module>)
        1    0.000    0.000    0.000    0.000 core.py:2378(_MaskedPrintOption)
        1    0.000    0.000    0.000    0.000 core.py:2384(__init__)
        7    0.000    0.000    0.000    0.000 core.py:2551(_arraymethod)
        1    0.000    0.000    0.000    0.000 core.py:2596(MaskedIterator)
        1    0.000    0.000    0.000    0.000 core.py:2708(MaskedArray)
        1    0.000    0.000    0.000    0.000 core.py:2773(__new__)
        2    0.000    0.000    0.000    0.000 core.py:2903(_update_from)
        2    0.000    0.000    0.000    0.000 core.py:2929(__array_finalize__)
        1    0.000    0.000    0.000    0.000 core.py:3078(view)
        4    0.000    0.000    0.000    0.000 core.py:3347(dtype)
        2    0.000    0.000    0.000    0.000 core.py:3363(shape)
        1    0.000    0.000    0.000    0.000 core.py:6112(mvoid)
        1    0.000    0.000    0.000    0.000 core.py:6306(MaskedConstant)
        4    0.000    0.000    0.000    0.000 core.py:6310(__has_singleton)
        1    0.000    0.000    0.000    0.000 core.py:6316(__new__)
        1    0.000    0.000    0.000    0.000 core.py:6334(__array_finalize__)
        2    0.000    0.000    0.000    0.000 core.py:6398(__setattr__)
        1    0.000    0.000    0.000    0.000 core.py:6490(_extrema_operation)
        2    0.000    0.000    0.000    0.000 core.py:6499(__init__)
        1    0.000    0.000    0.000    0.000 core.py:6607(_frommethod)
       26    0.000    0.000    0.000    0.000 core.py:6618(__init__)
       26    0.000    0.000    0.000    0.000 core.py:6623(getdoc)
        1    0.000    0.000    0.000    0.000 core.py:792(_DomainCheckInterval)
        3    0.000    0.000    0.000    0.000 core.py:801(__init__)
        1    0.000    0.000    0.000    0.000 core.py:8045(_convert2ma)
        8    0.000    0.000    0.000    0.000 core.py:8058(__init__)
        8    0.000    0.000    0.000    0.000 core.py:8063(getdoc)
        1    0.000    0.000    0.000    0.000 core.py:817(_DomainTan)
        1    0.000    0.000    0.000    0.000 core.py:825(__init__)
        1    0.000    0.000    0.000    0.000 core.py:835(_DomainSafeDivide)
        6    0.000    0.000    0.000    0.000 core.py:841(__init__)
        1    0.000    0.000    0.000    0.000 core.py:856(_DomainGreater)
        3    0.000    0.000    0.000    0.000 core.py:862(__init__)
        1    0.000    0.000    0.000    0.000 core.py:872(_DomainGreaterEqual)
        2    0.000    0.000    0.000    0.000 core.py:878(__init__)
        1    0.000    0.000    0.000    0.000 core.py:888(_MaskedUFunc)
       52    0.002    0.000    0.002    0.000 core.py:889(__init__)
        1    0.000    0.000    0.000    0.000 core.py:898(_MaskedUnaryOperation)
        1    0.000    0.000    0.000    0.000 core.py:91(MaskedArrayFutureWarning)
       26    0.000    0.000    0.002    0.000 core.py:916(__init__)
        1    0.000    0.000    0.000    0.000 core.py:972(_MaskedBinaryOperation)
       18    0.000    0.000    0.000    0.000 core.py:992(__init__)
        1    0.000    0.000    0.000    0.000 ctypeslib.py:179(_ndptr)
        1    0.000    0.000    0.000    0.000 ctypeslib.py:200(_concrete_ndptr)
        1    0.000    0.000    0.000    0.000 ctypeslib.py:359(_get_scalar_type_map)
        1    0.000    0.000    0.000    0.000 ctypeslib.py:370(<dictcomp>)
        1    0.000    0.000    0.000    0.000 ctypeslib.py:51(<module>)
        1    0.000    0.000    0.000    0.000 datetime.py:1092(tzinfo)
        1    0.000    0.000    0.000    0.000 datetime.py:1162(time)
        2    0.000    0.000    0.000    0.000 datetime.py:1187(__new__)
        1    0.000    0.000    0.000    0.000 datetime.py:1509(datetime)
        3    0.000    0.000    0.000    0.000 datetime.py:1517(__new__)
        1    0.000    0.000    0.000    0.000 datetime.py:2136(timezone)
        3    0.000    0.000    0.000    0.000 datetime.py:2156(_create)
       35    0.000    0.000    0.000    0.000 datetime.py:379(_check_int_field)
        5    0.000    0.000    0.000    0.000 datetime.py:396(_check_date_fields)
        5    0.000    0.000    0.000    0.000 datetime.py:409(_check_time_fields)
        3    0.000    0.000    0.000    0.000 datetime.py:41(_days_before_year)
        5    0.000    0.000    0.000    0.000 datetime.py:426(_check_tzinfo_arg)
        1    0.000    0.000    0.000    0.000 datetime.py:454(timedelta)
        5    0.000    0.000    0.000    0.000 datetime.py:46(_days_in_month)
        9    0.000    0.000    0.000    0.000 datetime.py:473(__new__)
        1    0.000    0.000    0.001    0.001 datetime.py:5(<module>)
        1    0.000    0.000    0.000    0.000 datetime.py:646(__neg__)
        1    0.000    0.000    0.000    0.000 datetime.py:774(date)
        2    0.000    0.000    0.000    0.000 datetime.py:804(__new__)
        1    0.000    0.000    0.007    0.007 decimal.py:2(<module>)
        1    0.000    0.000    0.000    0.000 decorators.py:15(<module>)
        1    0.000    0.000    0.000    0.000 decorators.py:99(skipif)
        1    0.000    0.000    0.004    0.004 defchararray.py:17(<module>)
        1    0.000    0.000    0.000    0.000 defchararray.py:1810(chararray)
        1    0.000    0.000    0.021    0.021 defmatrix.py:1(<module>)
        1    0.000    0.000    0.000    0.000 defmatrix.py:74(matrix)
        1    0.000    0.000    0.000    0.000 difflib.py:1707(HtmlDiff)
        1    0.000    0.000    0.000    0.000 difflib.py:27(<module>)
        1    0.000    0.000    0.000    0.000 difflib.py:43(SequenceMatcher)
        1    0.000    0.000    0.000    0.000 difflib.py:751(Differ)
        1    0.000    0.000    0.000    0.000 einsumfunc.py:4(<module>)
        3    0.000    0.000    0.000    0.000 enum.py:125(__prepare__)
        3    0.000    0.000    0.001    0.000 enum.py:135(__new__)
        3    0.000    0.000    0.000    0.000 enum.py:152(<dictcomp>)
        3    0.000    0.000    0.000    0.000 enum.py:177(<setcomp>)
       40    0.000    0.000    0.000    0.000 enum.py:18(_is_descriptor)
        9    0.000    0.000    0.000    0.000 enum.py:198(<genexpr>)
       46    0.000    0.000    0.000    0.000 enum.py:26(_is_dunder)
       61    0.000    0.000    0.001    0.000 enum.py:284(__call__)
        3    0.000    0.000    0.000    0.000 enum.py:335(__getattr__)
       46    0.000    0.000    0.000    0.000 enum.py:34(_is_sunder)
        3    0.000    0.000    0.000    0.000 enum.py:360(__members__)
       61    0.000    0.000    0.000    0.000 enum.py:376(__setattr__)
        3    0.000    0.000    0.001    0.000 enum.py:389(_create_)
        9    0.000    0.000    0.000    0.000 enum.py:442(_get_mixins_)
        9    0.000    0.000    0.000    0.000 enum.py:453(_find_data_type)
        3    0.000    0.000    0.000    0.000 enum.py:474(_find_new_)
       58    0.000    0.000    0.000    0.000 enum.py:526(__new__)
       11    0.000    0.000    0.000    0.000 enum.py:623(name)
       18    0.000    0.000    0.000    0.000 enum.py:628(value)
        3    0.000    0.000    0.001    0.000 enum.py:633(_convert)
        3    0.000    0.000    0.000    0.000 enum.py:64(__init__)
        3    0.000    0.000    0.000    0.000 enum.py:654(<listcomp>)
       40    0.000    0.000    0.000    0.000 enum.py:659(<lambda>)
       46    0.000    0.000    0.000    0.000 enum.py:70(__setitem__)
        1    0.000    0.000    0.000    0.000 enum.py:793(_missing_)
        1    0.000    0.000    0.000    0.000 enum.py:800(_create_pseudo_member_)
        1    0.000    0.000    0.000    0.000 enum.py:830(__or__)
       28    0.000    0.000    0.000    0.000 enum.py:836(__and__)
        1    0.000    0.000    0.000    0.000 enum.py:855(_high_bit)
        1    0.000    0.000    0.000    0.000 enum.py:872(_decompose)
        1    0.000    0.000    0.000    0.000 enum.py:890(<listcomp>)
        2    0.000    0.000    0.000    0.000 enum.py:901(<lambda>)
        2    0.000    0.000    0.000    0.000 enum.py:907(_power_of_two)
        1    0.000    0.000    0.000    0.000 extras.py:10(<module>)
        1    0.000    0.000    0.000    0.000 extras.py:1459(MAxisConcatenator)
        1    0.000    0.000    0.000    0.000 extras.py:1489(mr_class)
        1    0.000    0.000    0.000    0.000 extras.py:1507(__init__)
        1    0.000    0.000    0.000    0.000 extras.py:217(_fromnxfunction)
       10    0.000    0.000    0.000    0.000 extras.py:237(__init__)
       10    0.000    0.000    0.000    0.000 extras.py:241(getdoc)
        1    0.000    0.000    0.000    0.000 extras.py:272(_fromnxfunction_single)
        1    0.000    0.000    0.000    0.000 extras.py:290(_fromnxfunction_seq)
        1    0.000    0.000    0.000    0.000 extras.py:303(_fromnxfunction_args)
        1    0.000    0.000    0.000    0.000 extras.py:328(_fromnxfunction_allargs)
        1    0.000    0.000    0.010    0.010 financial.py:12(<module>)
        1    0.000    0.000    0.000    0.000 fnmatch.py:11(<module>)
        1    0.000    0.000    0.000    0.000 format.py:163(<module>)
      250    0.000    0.000    0.000    0.000 fromnumeric.py:2499(_amax_dispatcher)
      250    0.000    0.000    0.002    0.000 fromnumeric.py:2504(amax)
      250    0.000    0.000    0.000    0.000 fromnumeric.py:2624(_amin_dispatcher)
      250    0.000    0.000    0.001    0.000 fromnumeric.py:2629(amin)
        2    0.000    0.000    0.000    0.000 fromnumeric.py:2787(_prod_dispatcher)
        2    0.000    0.000    0.000    0.000 fromnumeric.py:2792(prod)
        1    0.000    0.000    0.007    0.007 fromnumeric.py:3(<module>)
      502    0.001    0.000    0.003    0.000 fromnumeric.py:73(_wrapreduction)
      502    0.000    0.000    0.000    0.000 fromnumeric.py:74(<dictcomp>)
        2    0.000    0.000    0.007    0.003 function_base.py:1(<module>)
        1    0.000    0.000    0.000    0.000 function_base.py:1878(vectorize)
      273    0.000    0.000    0.000    0.000 function_base.py:434(_add_docstring)
      273    0.000    0.000    0.007    0.000 function_base.py:441(add_newdoc)
      342    0.001    0.000    0.002    0.000 functools.py:37(update_wrapper)
        2    0.000    0.000    0.000    0.000 functools.py:458(lru_cache)
        2    0.000    0.000    0.000    0.000 functools.py:492(decorating_function)
      340    0.000    0.000    0.000    0.000 functools.py:67(wraps)
       30    0.000    0.000    0.000    0.000 getlimits.py:19(_fr0)
       30    0.000    0.000    0.000    0.000 getlimits.py:27(_fr1)
        1    0.000    0.000    0.000    0.000 getlimits.py:293(finfo)
        1    0.000    0.000    0.000    0.000 getlimits.py:3(<module>)
        1    0.000    0.000    0.000    0.000 getlimits.py:34(MachArLike)
        6    0.002    0.000    0.003    0.000 getlimits.py:37(__init__)
       36    0.000    0.000    0.000    0.000 getlimits.py:41(<lambda>)
       30    0.000    0.000    0.000    0.000 getlimits.py:42(<lambda>)
       30    0.000    0.000    0.000    0.000 getlimits.py:43(<lambda>)
        1    0.000    0.000    0.000    0.000 getlimits.py:444(iinfo)
        7    0.000    0.000    0.000    0.000 getlimits.py:497(__init__)
        4    0.000    0.000    0.000    0.000 getlimits.py:521(max)
        8    0.000    0.000    0.000    0.000 getlimits.py:92(_register_type)
        1    0.001    0.001    0.004    0.004 getlimits.py:96(_register_known_types)
       14    0.000    0.000    0.000    0.000 hashlib.py:116(__get_openssl_constructor)
        1    0.000    0.000    0.002    0.002 hashlib.py:54(<module>)
        8    0.000    0.000    0.000    0.000 hashlib.py:73(__get_builtin_constructor)
        1    0.000    0.000    0.000    0.000 helper.py:4(<module>)
        1    0.000    0.000    0.000    0.000 hermite.py:1627(Hermite)
        1    0.000    0.000    0.000    0.000 hermite.py:60(<module>)
        1    0.000    0.000    0.000    0.000 hermite_e.py:1621(HermiteE)
        1    0.000    0.000    0.000    0.000 hermite_e.py:60(<module>)
        1    0.000    0.000    0.001    0.001 histograms.py:3(<module>)
      257    0.000    0.000    0.000    0.000 hmac.py:17(<genexpr>)
      257    0.000    0.000    0.000    0.000 hmac.py:18(<genexpr>)
        1    0.000    0.000    0.000    0.000 hmac.py:26(HMAC)
        1    0.000    0.000    0.000    0.000 hmac.py:4(<module>)
        1    0.000    0.000    0.038    0.038 index_tricks.py:1(<module>)
        1    0.000    0.000    0.000    0.000 index_tricks.py:110(nd_grid)
        2    0.000    0.000    0.000    0.000 index_tricks.py:145(__init__)
        1    0.000    0.000    0.000    0.000 index_tricks.py:210(MGridClass)
        1    0.000    0.000    0.000    0.000 index_tricks.py:252(__init__)
        1    0.000    0.000    0.000    0.000 index_tricks.py:257(OGridClass)
        1    0.000    0.000    0.000    0.000 index_tricks.py:296(__init__)
        1    0.000    0.000    0.000    0.000 index_tricks.py:302(AxisConcatenator)
        3    0.000    0.000    0.000    0.000 index_tricks.py:312(__init__)
        1    0.000    0.000    0.000    0.000 index_tricks.py:422(RClass)
        1    0.000    0.000    0.000    0.000 index_tricks.py:517(__init__)
        1    0.000    0.000    0.000    0.000 index_tricks.py:522(CClass)
        1    0.000    0.000    0.000    0.000 index_tricks.py:547(__init__)
        1    0.000    0.000    0.000    0.000 index_tricks.py:554(ndenumerate)
        1    0.000    0.000    0.000    0.000 index_tricks.py:605(ndindex)
        1    0.000    0.000    0.000    0.000 index_tricks.py:684(IndexExpression)
        2    0.000    0.000    0.000    0.000 index_tricks.py:728(__init__)
        1    0.000    0.000    0.000    0.000 info.py:156(<module>)
        1    0.000    0.000    0.000    0.000 info.py:184(<module>)
        1    0.000    0.000    0.000    0.000 info.py:34(<module>)
        1    0.000    0.000    0.000    0.000 info.py:83(<module>)
        1    0.000    0.000    0.000    0.000 laguerre.py:1578(Laguerre)
        1    0.000    0.000    0.000    0.000 laguerre.py:60(<module>)
        1    0.000    0.000    0.000    0.000 legendre.py:1613(Legendre)
        1    0.000    0.000    0.000    0.000 legendre.py:83(<module>)
        1    0.000    0.000    0.014    0.014 linalg.py:10(<module>)
        1    0.000    0.000    0.000    0.000 linalg.py:52(LinAlgError)
        1    0.000    0.000    0.000    0.000 linalg.py:82(_determine_error_states)
        1    0.000    0.000    0.001    0.001 linecache.py:6(<module>)
        1    0.000    0.000    0.000    0.000 loader.py:1(<module>)
        1    0.000    0.000    0.000    0.000 loader.py:23(_FailedTest)
        1    0.000    0.000    0.000    0.000 loader.py:66(TestLoader)
        1    0.000    0.000    0.000    0.000 loader.py:77(__init__)
        1    0.000    0.000    0.000    0.000 lzma.py:38(LZMAFile)
        1    0.000    0.000    0.000    0.000 lzma.py:9(<module>)
        1    0.000    0.000    0.000    0.000 machar.py:18(MachAr)
        1    0.000    0.000    0.000    0.000 machar.py:7(<module>)
        1    0.000    0.000    0.006    0.006 main.py:1(<module>)
        1    0.000    0.000    0.000    0.000 main.py:55(TestProgram)
        1    0.000    0.000    0.001    0.001 matmult_opt.py:14(y_gen)
        1    0.000    0.000    0.000    0.000 matmult_opt.py:20(result_gen)
        1    0.014    0.014    0.014    0.014 matmult_opt.py:26(multipl)
        1    0.000    0.000    0.968    0.968 matmult_opt.py:3(<module>)
        1    0.000    0.000    0.140    0.140 matmult_opt.py:32(printing)
        1    0.000    0.000    0.001    0.001 matmult_opt.py:8(x_gen)
        1    0.000    0.000    0.000    0.000 memmap.py:1(<module>)
        1    0.000    0.000    0.000    0.000 memmap.py:24(memmap)
        1    0.000    0.000    0.000    0.000 mixins.py:1(<module>)
       20    0.000    0.000    0.000    0.000 mixins.py:20(_binary_method)
       14    0.000    0.000    0.000    0.000 mixins.py:30(_reflected_binary_method)
       13    0.000    0.000    0.000    0.000 mixins.py:40(_inplace_binary_method)
       13    0.000    0.000    0.000    0.000 mixins.py:48(_numeric_methods)
        4    0.000    0.000    0.000    0.000 mixins.py:55(_unary_method)
        1    0.000    0.000    0.000    0.000 mixins.py:63(NDArrayOperatorsMixin)
        1    0.000    0.000    0.000    0.000 multiarray.py:1043(copyto)
        1    0.000    0.000    0.000    0.000 multiarray.py:145(concatenate)
        1    0.000    0.000    0.060    0.060 multiarray.py:7(<module>)
        1    0.000    0.000    0.001    0.001 nanfunctions.py:22(<module>)
        1    0.000    0.000    0.000    0.000 nosetester.py:115(NoseTester)
        1    0.000    0.000    0.000    0.000 nosetester.py:6(<module>)
        1    0.000    0.000    0.011    0.011 npyio.py:1(<module>)
        1    0.000    0.000    0.000    0.000 npyio.py:122(NpzFile)
        1    0.000    0.000    0.000    0.000 npyio.py:58(BagObj)
        1    0.000    0.000    0.000    0.000 ntpath.py:6(<module>)
        1    0.000    0.000    0.000    0.000 numbers.py:12(Number)
        1    0.000    0.000    0.000    0.000 numbers.py:147(Real)
        1    0.000    0.000    0.000    0.000 numbers.py:267(Rational)
        1    0.000    0.000    0.000    0.000 numbers.py:294(Integral)
        1    0.000    0.000    0.000    0.000 numbers.py:32(Complex)
        1    0.000    0.000    0.000    0.000 numbers.py:6(<module>)
        1    0.000    0.000    0.019    0.019 numeric.py:1(<module>)
        1    0.000    0.000    0.000    0.000 numeric.py:166(ones)
        6    0.000    0.000    0.000    0.000 numeric.py:2400(extend_all)
        1    0.000    0.000    0.000    0.000 numeric.py:81(ComplexWarning)
        4    0.000    0.000    0.000    0.000 numerictypes.py:293(issubclass_)
        2    0.000    0.000    0.000    0.000 numerictypes.py:365(issubdtype)
        1    0.000    0.000    0.000    0.000 numerictypes.py:429(_typedict)
        1    0.000    0.000    0.000    0.000 numerictypes.py:445(_construct_lookups)
        1    0.000    0.000    0.000    0.000 numerictypes.py:593(_register_types)
        1    0.000    0.000    0.013    0.013 numerictypes.py:81(<module>)
        1    0.000    0.000    0.000    0.000 os.py:1076(__subclasshook__)
        3    0.000    0.000    0.000    0.000 os.py:673(__getitem__)
        2    0.000    0.000    0.000    0.000 os.py:681(__setitem__)
        2    0.000    0.000    0.000    0.000 os.py:687(__delitem__)
        9    0.000    0.000    0.000    0.000 os.py:751(encode)
        1    0.000    0.000    0.057    0.057 overrides.py:1(<module>)
       84    0.000    0.000    0.000    0.000 overrides.py:105(decorator)
      317    0.000    0.000    0.000    0.000 overrides.py:112(array_function_dispatch)
      317    0.001    0.000    0.027    0.000 overrides.py:154(decorator)
       23    0.000    0.000    0.000    0.000 overrides.py:196(array_function_from_dispatcher)
       23    0.000    0.000    0.002    0.000 overrides.py:200(decorator)
      287    0.001    0.000    0.004    0.000 overrides.py:72(verify_matching_signatures)
       84    0.000    0.000    0.000    0.000 overrides.py:94(set_module)
        1    0.000    0.000    0.000    0.000 parse.py:126(_ResultMixinStr)
        1    0.000    0.000    0.000    0.000 parse.py:134(_ResultMixinBytes)
        1    0.000    0.000    0.000    0.000 parse.py:142(_NetlocResultMixinBase)
        1    0.000    0.000    0.000    0.000 parse.py:175(_NetlocResultMixinStr)
        1    0.000    0.000    0.000    0.000 parse.py:205(_NetlocResultMixinBytes)
        1    0.000    0.000    0.001    0.001 parse.py:28(<module>)
        1    0.000    0.000    0.000    0.000 parse.py:310(DefragResult)
        1    0.000    0.000    0.000    0.000 parse.py:318(SplitResult)
        1    0.000    0.000    0.000    0.000 parse.py:323(ParseResult)
        1    0.000    0.000    0.000    0.000 parse.py:329(DefragResultBytes)
        1    0.000    0.000    0.000    0.000 parse.py:337(SplitResultBytes)
        1    0.000    0.000    0.000    0.000 parse.py:342(ParseResultBytes)
        1    0.000    0.000    0.000    0.000 parse.py:348(_fix_result_transcoding)
        1    0.000    0.000    0.000    0.000 parse.py:760(Quoter)
        1    0.000    0.000    0.002    0.002 pathlib.py:1(<module>)
        1    0.000    0.000    0.000    0.000 pathlib.py:119(_WindowsFlavour)
        1    0.000    0.000    0.000    0.000 pathlib.py:135(<setcomp>)
        1    0.000    0.000    0.000    0.000 pathlib.py:136(<setcomp>)
        1    0.000    0.000    0.000    0.000 pathlib.py:1477(PosixPath)
        1    0.000    0.000    0.000    0.000 pathlib.py:1484(WindowsPath)
        1    0.000    0.000    0.000    0.000 pathlib.py:283(_PosixFlavour)
        1    0.000    0.000    0.000    0.000 pathlib.py:386(_Accessor)
        1    0.000    0.000    0.000    0.000 pathlib.py:391(_NormalAccessor)
        1    0.000    0.000    0.000    0.000 pathlib.py:464(_Selector)
        1    0.000    0.000    0.000    0.000 pathlib.py:489(_TerminatingSelector)
        1    0.000    0.000    0.000    0.000 pathlib.py:495(_PreciseSelector)
        1    0.000    0.000    0.000    0.000 pathlib.py:511(_WildcardSelector)
        1    0.000    0.000    0.000    0.000 pathlib.py:540(_RecursiveWildcardSelector)
        1    0.000    0.000    0.000    0.000 pathlib.py:56(_Flavour)
        1    0.000    0.000    0.000    0.000 pathlib.py:583(_PathParents)
        2    0.000    0.000    0.000    0.000 pathlib.py:60(__init__)
        1    0.000    0.000    0.000    0.000 pathlib.py:611(PurePath)
        1    0.000    0.000    0.000    0.000 pathlib.py:970(PurePosixPath)
        1    0.000    0.000    0.000    0.000 pathlib.py:980(PureWindowsPath)
        1    0.000    0.000    0.000    0.000 pathlib.py:993(Path)
        1    0.000    0.000    0.000    0.000 pickle.py:1024(_Unpickler)
        1    0.000    0.000    0.000    0.000 pickle.py:181(<listcomp>)
        1    0.000    0.000    0.000    0.000 pickle.py:184(_Framer)
        1    0.000    0.000    0.001    0.001 pickle.py:24(<module>)
        1    0.000    0.000    0.000    0.000 pickle.py:247(_Unframer)
        1    0.000    0.000    0.000    0.000 pickle.py:372(_Pickler)
        1    0.000    0.000    0.000    0.000 pickle.py:64(PickleError)
        1    0.000    0.000    0.000    0.000 pickle.py:68(PicklingError)
        1    0.000    0.000    0.000    0.000 pickle.py:75(UnpicklingError)
        1    0.000    0.000    0.000    0.000 pickle.py:88(_Stop)
        1    0.000    0.000    0.009    0.009 platform.py:10(<module>)
        2    0.000    0.000    0.000    0.000 platform.py:1150(_sys_version)
        2    0.000    0.000    0.000    0.000 platform.py:1254(python_implementation)
        1    0.000    0.000    0.006    0.006 pocketfft.py:29(<module>)
        1    0.000    0.000    0.000    0.000 polynomial.py:1009(poly1d)
        1    0.000    0.000    0.005    0.005 polynomial.py:1442(Polynomial)
        1    0.000    0.000    0.000    0.000 polynomial.py:30(RankWarning)
        1    0.000    0.000    0.001    0.001 polynomial.py:4(<module>)
        1    0.000    0.000    0.010    0.010 polynomial.py:57(<module>)
        1    0.000    0.000    0.000    0.000 polyutils.py:45(<module>)
        1    0.000    0.000    0.000    0.000 polyutils.py:61(RankWarning)
        1    0.000    0.000    0.000    0.000 polyutils.py:65(PolyError)
        1    0.000    0.000    0.000    0.000 polyutils.py:69(PolyDomainError)
        1    0.000    0.000    0.000    0.000 polyutils.py:82(PolyBase)
        1    0.000    0.000    0.000    0.000 posixpath.py:154(dirname)
        2    0.000    0.000    0.000    0.000 posixpath.py:41(_get_sep)
        1    0.000    0.000    0.000    0.000 posixpath.py:52(normcase)
        1    0.000    0.000    0.000    0.000 posixpath.py:75(join)
        1    0.000    0.000    0.000    0.000 pprint.py:35(<module>)
        1    0.000    0.000    0.000    0.000 pprint.py:72(_safe_key)
        1    0.000    0.000    0.000    0.000 pprint.py:98(PrettyPrinter)
        1    0.000    0.000    0.000    0.000 py3k.py:110(contextlib_nullcontext)
        1    0.000    0.000    0.005    0.005 py3k.py:4(<module>)
        1    0.000    0.000    0.003    0.003 random.py:38(<module>)
        1    0.000    0.000    0.000    0.000 random.py:669(SystemRandom)
        1    0.000    0.000    0.000    0.000 random.py:681(getrandbits)
        1    0.000    0.000    0.000    0.000 random.py:691(seed)
        1    0.000    0.000    0.000    0.000 random.py:72(Random)
        2    0.000    0.000    0.000    0.000 random.py:88(__init__)
        1    0.000    0.000    0.000    0.000 random.py:97(seed)
      102    0.000    0.000    0.000    0.000 re.py:170(match)
      321    0.000    0.000    0.002    0.000 re.py:185(sub)
        4    0.000    0.000    0.000    0.000 re.py:205(split)
       28    0.000    0.000    0.007    0.000 re.py:232(compile)
        1    0.000    0.000    0.000    0.000 re.py:252(escape)
      455    0.001    0.000    0.008    0.000 re.py:271(_compile)
        1    0.000    0.000    0.000    0.000 records.py:100(format_parser)
        1    0.000    0.000    0.000    0.000 records.py:234(record)
        1    0.000    0.000    0.000    0.000 records.py:319(recarray)
        1    0.000    0.000    0.000    0.000 records.py:35(<module>)
        1    0.000    0.000    0.000    0.000 records.py:81(_OrderedCounter)
        1    0.000    0.000    0.002    0.002 result.py:1(<module>)
        3    0.000    0.000    0.000    0.000 result.py:12(failfast)
        1    0.000    0.000    0.000    0.000 result.py:24(TestResult)
        1    0.000    0.000    0.003    0.003 runner.py:1(<module>)
        1    0.000    0.000    0.000    0.000 runner.py:120(TextTestRunner)
        1    0.000    0.000    0.000    0.000 runner.py:13(_WritelnDecorator)
        1    0.000    0.000    0.000    0.000 runner.py:29(TextTestResult)
        1    0.005    0.005    0.006    0.006 scimath.py:17(<module>)
        1    0.000    0.000    0.003    0.003 secrets.py:7(<module>)
        1    0.000    0.000    0.000    0.000 selectors.py:206(_BaseSelectorImpl)
        1    0.000    0.000    0.000    0.000 selectors.py:290(SelectSelector)
        1    0.000    0.000    0.000    0.000 selectors.py:341(_PollLikeSelector)
        1    0.000    0.000    0.000    0.000 selectors.py:433(PollSelector)
        1    0.000    0.000    0.000    0.000 selectors.py:442(EpollSelector)
        1    0.000    0.000    0.000    0.000 selectors.py:5(<module>)
        1    0.000    0.000    0.000    0.000 selectors.py:60(_SelectorMapping)
        1    0.000    0.000    0.000    0.000 selectors.py:80(BaseSelector)
        2    0.000    0.000    0.002    0.001 shape_base.py:1(<module>)
        1    0.000    0.000    0.002    0.002 shutil.py:5(<module>)
        1    0.000    0.000    0.000    0.000 shutil.py:55(Error)
        1    0.000    0.000    0.000    0.000 shutil.py:58(SameFileError)
        1    0.000    0.000    0.000    0.000 shutil.py:61(SpecialFileError)
        1    0.000    0.000    0.000    0.000 shutil.py:65(ExecError)
        1    0.000    0.000    0.000    0.000 shutil.py:68(ReadError)
        1    0.000    0.000    0.000    0.000 shutil.py:71(RegistryError)
        1    0.000    0.000    0.001    0.001 signal.py:1(<module>)
       73    0.000    0.000    0.000    0.000 signal.py:10(<lambda>)
       74    0.000    0.000    0.000    0.000 signal.py:17(<lambda>)
       75    0.000    0.000    0.000    0.000 signal.py:22(<lambda>)
        1    0.000    0.000    0.000    0.000 signals.py:1(<module>)
        1    0.000    0.000    0.000    0.000 signals.py:9(_InterruptHandler)
        1    0.000    0.000    0.000    0.000 six.py:103(MovedModule)
       44    0.000    0.000    0.000    0.000 six.py:105(__init__)
        1    0.000    0.000    0.000    0.000 six.py:114(_resolve)
        1    0.000    0.000    0.000    0.000 six.py:124(_LazyModule)
        6    0.000    0.000    0.000    0.000 six.py:126(__init__)
        1    0.000    0.000    0.000    0.000 six.py:139(MovedAttribute)
       88    0.000    0.000    0.000    0.000 six.py:141(__init__)
        1    0.000    0.000    0.000    0.000 six.py:164(_SixMetaPathImporter)
        1    0.000    0.000    0.000    0.000 six.py:173(__init__)
       51    0.000    0.000    0.000    0.000 six.py:177(_add_module)
        5    0.000    0.000    0.000    0.000 six.py:181(_get_module)
        8    0.000    0.000    0.000    0.000 six.py:184(find_module)
        1    0.001    0.001    0.001    0.001 six.py:21(<module>)
        1    0.000    0.000    0.000    0.000 six.py:229(_MovedItems)
        1    0.000    0.000    0.000    0.000 six.py:322(Module_six_moves_urllib_parse)
        1    0.000    0.000    0.000    0.000 six.py:364(Module_six_moves_urllib_error)
        1    0.000    0.000    0.000    0.000 six.py:384(Module_six_moves_urllib_request)
        1    0.000    0.000    0.000    0.000 six.py:436(Module_six_moves_urllib_response)
        1    0.000    0.000    0.000    0.000 six.py:457(Module_six_moves_urllib_robotparser)
        1    0.000    0.000    0.000    0.000 six.py:475(Module_six_moves_urllib)
        8    0.000    0.000    0.000    0.000 six.py:75(_add_doc)
        1    0.000    0.000    0.000    0.000 six.py:80(_import_module)
        1    0.000    0.000    0.000    0.000 six.py:86(_LazyDescr)
      132    0.000    0.000    0.000    0.000 six.py:88(__init__)
        1    0.000    0.000    0.000    0.000 six.py:91(__get__)
       74    0.000    0.000    0.000    0.000 sre_compile.py:249(_compile_charset)
       74    0.001    0.000    0.001    0.000 sre_compile.py:276(_optimize_charset)
       12    0.000    0.000    0.000    0.000 sre_compile.py:411(_mk_bitmap)
       12    0.000    0.000    0.000    0.000 sre_compile.py:413(<listcomp>)
        2    0.000    0.000    0.000    0.000 sre_compile.py:416(_bytes_to_codes)
       98    0.000    0.000    0.000    0.000 sre_compile.py:423(_simple)
        4    0.000    0.000    0.000    0.000 sre_compile.py:432(_generate_overlap_table)
       56    0.000    0.000    0.000    0.000 sre_compile.py:453(_get_iscased)
    35/25    0.000    0.000    0.000    0.000 sre_compile.py:461(_get_literal_prefix)
       21    0.000    0.000    0.000    0.000 sre_compile.py:492(_get_charset_prefix)
       28    0.000    0.000    0.001    0.000 sre_compile.py:536(_compile_info)
       56    0.000    0.000    0.000    0.000 sre_compile.py:595(isstring)
       28    0.000    0.000    0.003    0.000 sre_compile.py:598(_code)
       65    0.000    0.000    0.000    0.000 sre_compile.py:65(_combine_flags)
   185/28    0.001    0.000    0.002    0.000 sre_compile.py:71(_compile)
       28    0.000    0.000    0.007    0.000 sre_compile.py:759(compile)
      199    0.000    0.000    0.000    0.000 sre_parse.py:111(__init__)
      412    0.000    0.000    0.000    0.000 sre_parse.py:160(__len__)
     1336    0.000    0.000    0.001    0.000 sre_parse.py:164(__getitem__)
      101    0.000    0.000    0.000    0.000 sre_parse.py:168(__setitem__)
      417    0.000    0.000    0.000    0.000 sre_parse.py:172(append)
   229/72    0.000    0.000    0.000    0.000 sre_parse.py:174(getwidth)
       28    0.000    0.000    0.000    0.000 sre_parse.py:224(__init__)
     1188    0.000    0.000    0.000    0.000 sre_parse.py:233(__next)
      509    0.000    0.000    0.000    0.000 sre_parse.py:249(match)
      963    0.000    0.000    0.001    0.000 sre_parse.py:254(get)
        8    0.000    0.000    0.000    0.000 sre_parse.py:267(getuntil)
      307    0.000    0.000    0.000    0.000 sre_parse.py:286(tell)
        1    0.000    0.000    0.000    0.000 sre_parse.py:288(seek)
       32    0.000    0.000    0.000    0.000 sre_parse.py:295(_class_escape)
       60    0.000    0.000    0.000    0.000 sre_parse.py:343(_escape)
       59    0.000    0.000    0.000    0.000 sre_parse.py:408(_uniq)
    88/28    0.000    0.000    0.004    0.000 sre_parse.py:417(_parse_sub)
    96/30    0.001    0.000    0.004    0.000 sre_parse.py:475(_parse)
       28    0.000    0.000    0.000    0.000 sre_parse.py:76(__init__)
      144    0.000    0.000    0.000    0.000 sre_parse.py:81(groups)
       44    0.000    0.000    0.000    0.000 sre_parse.py:84(opengroup)
        3    0.000    0.000    0.000    0.000 sre_parse.py:843(_parse_flags)
       28    0.000    0.000    0.000    0.000 sre_parse.py:903(fix_flags)
       28    0.000    0.000    0.004    0.000 sre_parse.py:919(parse)
       44    0.000    0.000    0.000    0.000 sre_parse.py:96(closegroup)
        1    0.000    0.000    0.000    0.000 stride_tricks.py:16(DummyArray)
        1    0.000    0.000    0.000    0.000 stride_tricks.py:7(<module>)
        1    0.000    0.000    0.001    0.001 string.py:15(<module>)
        1    0.000    0.000    0.000    0.000 string.py:175(Formatter)
        1    0.000    0.000    0.000    0.000 string.py:55(_TemplateMetaclass)
        1    0.000    0.000    0.001    0.001 string.py:65(__init__)
        1    0.000    0.000    0.000    0.000 string.py:78(Template)
        1    0.000    0.000    0.000    0.000 struct.py:3(<module>)
        1    0.000    0.000    0.000    0.000 subprocess.py:398(CompletedProcess)
        1    0.000    0.000    0.005    0.005 subprocess.py:42(<module>)
        1    0.000    0.000    0.000    0.000 subprocess.py:57(SubprocessError)
        1    0.000    0.000    0.000    0.000 subprocess.py:60(CalledProcessError)
        1    0.000    0.000    0.000    0.000 subprocess.py:608(Popen)
        1    0.000    0.000    0.000    0.000 subprocess.py:97(TimeoutExpired)
        1    0.000    0.000    0.000    0.000 suite.py:1(<module>)
        1    0.000    0.000    0.000    0.000 suite.py:16(BaseTestSuite)
        1    0.000    0.000    0.000    0.000 suite.py:270(_ErrorHolder)
        1    0.000    0.000    0.000    0.000 suite.py:317(_DebugResult)
        1    0.000    0.000    0.000    0.000 suite.py:92(TestSuite)
        1    0.000    0.000    0.000    0.000 tempfile.py:132(_RandomNameSequence)
        1    0.000    0.000    0.000    0.000 tempfile.py:24(<module>)
        1    0.000    0.000    0.000    0.000 tempfile.py:414(_TemporaryFileCloser)
        1    0.000    0.000    0.000    0.000 tempfile.py:457(_TemporaryFileWrapper)
        1    0.000    0.000    0.000    0.000 tempfile.py:627(SpooledTemporaryFile)
        1    0.000    0.000    0.000    0.000 tempfile.py:775(TemporaryDirectory)
      321    0.001    0.000    0.005    0.000 textwrap.py:414(dedent)
        1    0.000    0.000    0.002    0.002 threading.py:1(<module>)
        1    0.000    0.000    0.000    0.000 threading.py:1116(daemon)
        1    0.000    0.000    0.000    0.000 threading.py:1154(Timer)
        1    0.000    0.000    0.000    0.000 threading.py:1184(_MainThread)
        1    0.000    0.000    0.000    0.000 threading.py:1186(__init__)
        1    0.000    0.000    0.000    0.000 threading.py:1203(_DummyThread)
        1    0.000    0.000    0.000    0.000 threading.py:204(Condition)
        1    0.000    0.000    0.000    0.000 threading.py:216(__init__)
        1    0.000    0.000    0.000    0.000 threading.py:240(__enter__)
        1    0.000    0.000    0.000    0.000 threading.py:243(__exit__)
        1    0.000    0.000    0.000    0.000 threading.py:255(_is_owned)
        1    0.000    0.000    0.000    0.000 threading.py:335(notify)
        1    0.000    0.000    0.000    0.000 threading.py:358(notify_all)
        1    0.000    0.000    0.000    0.000 threading.py:370(Semaphore)
        1    0.000    0.000    0.000    0.000 threading.py:450(BoundedSemaphore)
        1    0.000    0.000    0.000    0.000 threading.py:488(Event)
        1    0.000    0.000    0.000    0.000 threading.py:499(__init__)
        1    0.000    0.000    0.000    0.000 threading.py:513(set)
        1    0.000    0.000    0.000    0.000 threading.py:567(Barrier)
        1    0.000    0.000    0.000    0.000 threading.py:721(BrokenBarrierError)
        1    0.000    0.000    0.000    0.000 threading.py:744(Thread)
        2    0.000    0.000    0.000    0.000 threading.py:75(RLock)
        1    0.000    0.000    0.000    0.000 threading.py:763(__init__)
        1    0.000    0.000    0.000    0.000 threading.py:88(_RLock)
        1    0.000    0.000    0.000    0.000 threading.py:896(_set_ident)
        1    0.000    0.000    0.000    0.000 threading.py:899(_set_tstate_lock)
        1    0.000    0.000    0.000    0.000 token.py:1(<module>)
        1    0.000    0.000    0.000    0.000 token.py:78(<dictcomp>)
       20    0.000    0.000    0.000    0.000 tokenize.py:107(group)
        1    0.000    0.000    0.000    0.000 tokenize.py:108(any)
        2    0.000    0.000    0.000    0.000 tokenize.py:109(maybe)
        3    0.000    0.000    0.000    0.000 tokenize.py:132(_all_string_prefixes)
       24    0.000    0.000    0.000    0.000 tokenize.py:143(<listcomp>)
        1    0.000    0.000    0.001    0.001 tokenize.py:21(<module>)
        1    0.000    0.000    0.000    0.000 tokenize.py:212(TokenError)
        1    0.000    0.000    0.000    0.000 tokenize.py:214(StopTokenizing)
        1    0.000    0.000    0.000    0.000 tokenize.py:217(Untokenizer)
        1    0.000    0.000    0.000    0.000 tokenize.py:94(TokenInfo)
        1    0.000    0.000    0.002    0.002 traceback.py:1(<module>)
        1    0.000    0.000    0.000    0.000 traceback.py:227(FrameSummary)
        1    0.000    0.000    0.000    0.000 traceback.py:315(StackSummary)
        1    0.000    0.000    0.000    0.000 traceback.py:437(TracebackException)
        1    0.000    0.000    0.001    0.001 twodim_base.py:3(<module>)
        1    0.000    0.000    0.004    0.004 type_check.py:3(<module>)
       29    0.000    0.000    0.000    0.000 types.py:164(__get__)
        1    0.000    0.000    0.000    0.000 ufunclike.py:18(_deprecate_out_named_y)
        3    0.000    0.000    0.000    0.000 ufunclike.py:43(_fix_out_named_y)
        1    0.000    0.000    0.000    0.000 ufunclike.py:5(<module>)
        3    0.000    0.000    0.000    0.000 ufunclike.py:60(_fix_and_maybe_deprecate_out_named_y)
        1    0.000    0.000    0.000    0.000 umath.py:7(<module>)
        1    0.000    0.000    0.001    0.001 util.py:1(<module>)
        1    0.000    0.000    0.000    0.000 utils.py:1(<module>)
        1    0.000    0.000    0.000    0.000 utils.py:1021(SafeEval)
        1    0.000    0.000    0.000    0.000 utils.py:1275(_Dummy)
        2    0.000    0.000    0.000    0.000 utils.py:133(_get_indent)
        2    0.000    0.000    0.000    0.000 utils.py:147(deprecate)
        1    0.000    0.000    0.000    0.000 utils.py:1879(IgnoreException)
        1    0.000    0.000    0.000    0.000 utils.py:1921(clear_and_catch_warnings)
        1    0.000    0.000    0.000    0.000 utils.py:1987(suppress_warnings)
        1    0.000    0.000    0.001    0.001 utils.py:4(<module>)
        1    0.000    0.000    0.000    0.000 utils.py:47(KnownFailureException)
        2    0.000    0.000    0.000    0.000 utils.py:53(_set_function_name)
        1    0.000    0.000    0.000    0.000 utils.py:58(_Deprecate)
        2    0.000    0.000    0.000    0.000 utils.py:70(__init__)
        2    0.000    0.000    0.000    0.000 utils.py:75(__call__)
        1    0.000    0.000    0.000    0.000 version.py:5(<module>)
        6    0.000    0.000    0.000    0.000 warnings.py:130(filterwarnings)
        1    0.000    0.000    0.000    0.000 warnings.py:165(simplefilter)
        7    0.000    0.000    0.000    0.000 warnings.py:181(_add_filter)
        1    0.000    0.000    0.000    0.000 warnings.py:453(__init__)
        1    0.000    0.000    0.000    0.000 warnings.py:474(__enter__)
        1    0.000    0.000    0.000    0.000 warnings.py:493(__exit__)
        1    0.000    0.000    0.000    0.000 weakref.py:102(__init__)
        1    0.000    0.000    0.000    0.000 weakref.py:290(update)
        1    0.000    0.000    0.000    0.000 weakref.py:356(__init__)
      667    0.001    0.000    0.001    0.000 {built-in method __new__ of type object at 0x5630611e2260}
       29    0.000    0.000    0.000    0.000 {built-in method _abc._abc_init}
        1    0.000    0.000    0.000    0.000 {built-in method _abc._abc_instancecheck}
       12    0.000    0.000    0.000    0.000 {built-in method _abc._abc_register}
    27/13    0.000    0.000    0.000    0.000 {built-in method _abc._abc_subclasscheck}
        2    0.000    0.000    0.000    0.000 {built-in method _ctypes.POINTER}
        1    0.000    0.000    0.000    0.000 {built-in method _ctypes.dlopen}
       38    0.000    0.000    0.000    0.000 {built-in method _ctypes.sizeof}
        1    0.000    0.000    0.000    0.000 {built-in method _hashlib.openssl_md5}
        1    0.000    0.000    0.000    0.000 {built-in method _hashlib.openssl_sha1}
        1    0.000    0.000    0.000    0.000 {built-in method _hashlib.openssl_sha224}
        1    0.000    0.000    0.000    0.000 {built-in method _hashlib.openssl_sha256}
        1    0.000    0.000    0.000    0.000 {built-in method _hashlib.openssl_sha384}
        1    0.000    0.000    0.000    0.000 {built-in method _hashlib.openssl_sha512}
      145    0.000    0.000    0.000    0.000 {built-in method _imp._fix_co_filename}
     1288    0.000    0.000    0.000    0.000 {built-in method _imp.acquire_lock}
        5    0.000    0.000    0.000    0.000 {built-in method _imp.create_builtin}
    36/35    0.260    0.007    0.262    0.007 {built-in method _imp.create_dynamic}
        5    0.000    0.000    0.000    0.000 {built-in method _imp.exec_builtin}
    36/30    0.005    0.000    0.043    0.001 {built-in method _imp.exec_dynamic}
       72    0.000    0.000    0.000    0.000 {built-in method _imp.is_builtin}
      190    0.000    0.000    0.000    0.000 {built-in method _imp.is_frozen}
     1288    0.000    0.000    0.000    0.000 {built-in method _imp.release_lock}
        4    0.000    0.000    0.000    0.000 {built-in method _sre.ascii_iscased}
        4    0.000    0.000    0.000    0.000 {built-in method _sre.ascii_tolower}
       28    0.000    0.000    0.000    0.000 {built-in method _sre.compile}
       91    0.000    0.000    0.000    0.000 {built-in method _sre.unicode_iscased}
       71    0.000    0.000    0.000    0.000 {built-in method _sre.unicode_tolower}
       18    0.000    0.000    0.000    0.000 {built-in method _struct.calcsize}
        1    0.000    0.000    0.000    0.000 {built-in method _thread._set_sentinel}
      398    0.000    0.000    0.000    0.000 {built-in method _thread.allocate_lock}
     1282    0.000    0.000    0.000    0.000 {built-in method _thread.get_ident}
        9    0.000    0.000    0.000    0.000 {built-in method _warnings._filters_mutated}
        1    0.000    0.000    0.000    0.000 {built-in method atexit.register}
  348/345    0.004    0.000    0.012    0.000 {built-in method builtins.__build_class__}
   322/12    0.000    0.000    0.551    0.046 {built-in method builtins.__import__}
       72    0.000    0.000    0.000    0.000 {built-in method builtins.abs}
      196    0.000    0.000    0.000    0.000 {built-in method builtins.any}
        2    0.000    0.000    0.000    0.000 {built-in method builtins.callable}
      256    0.000    0.000    0.000    0.000 {built-in method builtins.chr}
      317    0.014    0.000    0.014    0.000 {built-in method builtins.compile}
        1    0.000    0.000    0.000    0.000 {built-in method builtins.delattr}
        1    0.000    0.000    0.000    0.000 {built-in method builtins.dir}
       45    0.000    0.000    0.000    0.000 {built-in method builtins.divmod}
    477/1    0.002    0.000    0.968    0.968 {built-in method builtins.exec}
     4265    0.001    0.000    0.001    0.000 {built-in method builtins.getattr}
      362    0.000    0.000    0.000    0.000 {built-in method builtins.globals}
     2787    0.001    0.000    0.001    0.000 {built-in method builtins.hasattr}
      265    0.000    0.000    0.000    0.000 {built-in method builtins.id}
     6741    0.001    0.000    0.001    0.000 {built-in method builtins.isinstance}
      850    0.000    0.000    0.000    0.000 {built-in method builtins.issubclass}
319348/319148    0.017    0.000    0.017    0.000 {built-in method builtins.len}
      250    0.000    0.000    0.000    0.000 {built-in method builtins.locals}
      513    0.000    0.000    0.000    0.000 {built-in method builtins.max}
      430    0.000    0.000    0.000    0.000 {built-in method builtins.min}
       16    0.000    0.000    0.000    0.000 {built-in method builtins.next}
      371    0.000    0.000    0.000    0.000 {built-in method builtins.ord}
      250    0.001    0.000    0.139    0.001 {built-in method builtins.print}
       72    0.000    0.000    0.000    0.000 {built-in method builtins.repr}
        9    0.000    0.000    0.000    0.000 {built-in method builtins.round}
     1975    0.000    0.000    0.000    0.000 {built-in method builtins.setattr}
        1    0.000    0.000    0.000    0.000 {built-in method builtins.sorted}
        3    0.000    0.000    0.000    0.000 {built-in method builtins.vars}
      436    0.000    0.000    0.000    0.000 {built-in method from_bytes}
        2    0.000    0.000    0.000    0.000 {built-in method maketrans}
      145    0.012    0.000    0.012    0.000 {built-in method marshal.loads}
        1    0.000    0.000    0.000    0.000 {built-in method math.exp}
        2    0.000    0.000    0.000    0.000 {built-in method math.log}
        1    0.000    0.000    0.000    0.000 {built-in method math.sqrt}
        1    0.194    0.194    0.194    0.194 {built-in method mkl._py_mkl_service.get_version}
      356    0.005    0.000    0.005    0.000 {built-in method numpy.array}
      298    0.000    0.000    0.000    0.000 {built-in method numpy.core._multiarray_umath.add_docstring}
      504    0.000    0.000    0.004    0.000 {built-in method numpy.core._multiarray_umath.implement_array_function}
        2    0.000    0.000    0.000    0.000 {built-in method numpy.core._multiarray_umath.set_string_function}
        1    0.000    0.000    0.000    0.000 {built-in method numpy.core._multiarray_umath.set_typeDict}
        1    0.000    0.000    0.000    0.000 {built-in method numpy.empty}
       18    0.000    0.000    0.000    0.000 {built-in method numpy.geterrobj}
        9    0.000    0.000    0.000    0.000 {built-in method numpy.seterrobj}
        1    0.000    0.000    0.000    0.000 {built-in method numpy.zeros}
      474    0.000    0.000    0.000    0.000 {built-in method posix.fspath}
       67    0.000    0.000    0.000    0.000 {built-in method posix.getcwd}
        2    0.000    0.000    0.000    0.000 {built-in method posix.getpid}
       18    0.000    0.000    0.000    0.000 {built-in method posix.listdir}
        2    0.000    0.000    0.000    0.000 {built-in method posix.putenv}
        3    0.000    0.000    0.000    0.000 {built-in method posix.register_at_fork}
      770    0.003    0.000    0.003    0.000 {built-in method posix.stat}
        2    0.000    0.000    0.000    0.000 {built-in method posix.unsetenv}
        1    0.000    0.000    0.000    0.000 {built-in method posix.urandom}
       27    0.000    0.000    0.000    0.000 {built-in method sys._getframe}
        1    0.000    0.000    0.000    0.000 {built-in method sys.getdlopenflags}
       13    0.000    0.000    0.000    0.000 {built-in method sys.intern}
        2    0.000    0.000    0.000    0.000 {built-in method sys.setdlopenflags}
        1    0.000    0.000    0.000    0.000 {built-in method time.time}
        1    0.000    0.000    0.000    0.000 {function Random.seed at 0x7fe46659b4d0}
       65    0.000    0.000    0.000    0.000 {method '__contains__' of 'frozenset' objects}
        1    0.000    0.000    0.000    0.000 {method '__enter__' of '_thread.lock' objects}
        1    0.000    0.000    0.000    0.000 {method '__exit__' of '_thread.lock' objects}
        2    0.000    0.000    0.000    0.000 {method 'acquire' of '_thread.RLock' objects}
        2    0.000    0.000    0.000    0.000 {method 'acquire' of '_thread.lock' objects}
      497    0.000    0.000    0.000    0.000 {method 'add' of 'set' objects}
     3404    0.000    0.000    0.000    0.000 {method 'append' of 'list' objects}
        1    0.000    0.000    0.000    0.000 {method 'bit_length' of 'int' objects}
        2    0.000    0.000    0.000    0.000 {method 'cast' of 'memoryview' objects}
        2    0.000    0.000    0.000    0.000 {method 'clear' of 'dict' objects}
      250    0.000    0.000    0.000    0.000 {method 'copy' of 'dict' objects}
       60    0.000    0.000    0.000    0.000 {method 'copy' of 'numpy.ndarray' objects}
        1    0.000    0.000    0.000    0.000 {method 'disable' of '_lsprof.Profiler' objects}
      265    0.000    0.000    0.000    0.000 {method 'discard' of 'set' objects}
        1    0.001    0.001    0.001    0.001 {method 'dot' of 'numpy.ndarray' objects}
        9    0.000    0.000    0.000    0.000 {method 'encode' of 'str' objects}
      218    0.000    0.000    0.000    0.000 {method 'endswith' of 'str' objects}
        2    0.000    0.000    0.000    0.000 {method 'expandtabs' of 'str' objects}
      103    0.000    0.000    0.000    0.000 {method 'extend' of 'list' objects}
      224    0.000    0.000    0.000    0.000 {method 'find' of 'bytearray' objects}
        1    0.000    0.000    0.000    0.000 {method 'find' of 'str' objects}
      321    0.001    0.000    0.001    0.000 {method 'findall' of 're.Pattern' objects}
      847    0.001    0.000    0.001    0.000 {method 'format' of 'str' objects}
      590    0.000    0.000    0.000    0.000 {method 'get' of 'dict' objects}
       61    0.000    0.000    0.000    0.000 {method 'get' of 'mappingproxy' objects}
        1    0.000    0.000    0.000    0.000 {method 'groups' of 're.Match' objects}
        8    0.000    0.000    0.000    0.000 {method 'insert' of 'list' objects}
       73    0.000    0.000    0.000    0.000 {method 'isidentifier' of 'str' objects}
       73    0.000    0.000    0.000    0.000 {method 'isupper' of 'str' objects}
       40    0.000    0.000    0.000    0.000 {method 'items' of 'collections.OrderedDict' objects}
      791    0.000    0.000    0.000    0.000 {method 'items' of 'dict' objects}
       15    0.000    0.000    0.000    0.000 {method 'items' of 'mappingproxy' objects}
     2399    0.001    0.000    0.001    0.000 {method 'join' of 'str' objects}
        5    0.000    0.000    0.000    0.000 {method 'keys' of 'dict' objects}
       31    0.000    0.000    0.000    0.000 {method 'lstrip' of 'str' objects}
      103    0.000    0.000    0.000    0.000 {method 'match' of 're.Pattern' objects}
        3    0.000    0.000    0.000    0.000 {method 'mro' of 'type' objects}
      296    0.000    0.000    0.000    0.000 {method 'pop' of 'dict' objects}
        2    0.001    0.001    0.002    0.001 {method 'randint' of 'numpy.random.mtrand.RandomState' objects}
      145    0.234    0.002    0.234    0.002 {method 'read' of '_io.FileIO' objects}
      502    0.002    0.000    0.002    0.000 {method 'reduce' of 'numpy.ufunc' objects}
        2    0.000    0.000    0.000    0.000 {method 'release' of '_thread.RLock' objects}
        7    0.000    0.000    0.000    0.000 {method 'remove' of 'list' objects}
       23    0.000    0.000    0.000    0.000 {method 'replace' of 'str' objects}
        1    0.000    0.000    0.000    0.000 {method 'rfind' of 'str' objects}
     1555    0.000    0.000    0.000    0.000 {method 'rpartition' of 'str' objects}
    10550    0.001    0.000    0.001    0.000 {method 'rstrip' of 'str' objects}
        4    0.000    0.000    0.000    0.000 {method 'setdefault' of 'dict' objects}
       14    0.000    0.000    0.000    0.000 {method 'setter' of 'property' objects}
        4    0.000    0.000    0.000    0.000 {method 'sort' of 'list' objects}
        4    0.000    0.000    0.000    0.000 {method 'split' of 're.Pattern' objects}
       13    0.000    0.000    0.000    0.000 {method 'split' of 'str' objects}
     1555    0.000    0.000    0.000    0.000 {method 'startswith' of 'str' objects}
      292    0.000    0.000    0.000    0.000 {method 'strip' of 'str' objects}
      642    0.002    0.000    0.002    0.000 {method 'sub' of 're.Pattern' objects}
        2    0.000    0.000    0.000    0.000 {method 'tolist' of 'memoryview' objects}
       12    0.000    0.000    0.000    0.000 {method 'translate' of 'bytearray' objects}
       53    0.000    0.000    0.000    0.000 {method 'translate' of 'str' objects}
        1    0.000    0.000    0.000    0.000 {method 'union' of 'set' objects}
      621    0.000    0.000    0.000    0.000 {method 'update' of 'dict' objects}
       36    0.000    0.000    0.000    0.000 {method 'upper' of 'str' objects}
       17    0.000    0.000    0.000    0.000 {method 'values' of 'dict' objects}
        1    0.000    0.000    0.000    0.000 {method 'view' of 'numpy.generic' objects}
      4/3    0.000    0.000    0.000    0.000 {method 'view' of 'numpy.ndarray' objects}


